{"meta": {"format": 3, "version": "7.10.5", "timestamp": "2025-08-29T14:37:53.547972", "branch_coverage": false, "show_contexts": false}, "files": {"bench/__init__.py": {"executed_lines": [1, 6, 7, 8, 10], "summary": {"covered_lines": 4, "num_statements": 4, "percent_covered": 100.0, "percent_covered_display": "100", "missing_lines": 0, "excluded_lines": 0}, "missing_lines": [], "excluded_lines": [], "functions": {"": {"executed_lines": [1, 6, 7, 8, 10], "summary": {"covered_lines": 4, "num_statements": 4, "percent_covered": 100.0, "percent_covered_display": "100", "missing_lines": 0, "excluded_lines": 0}, "missing_lines": [], "excluded_lines": []}}, "classes": {"": {"executed_lines": [1, 6, 7, 8, 10], "summary": {"covered_lines": 4, "num_statements": 4, "percent_covered": 100.0, "percent_covered_display": "100", "missing_lines": 0, "excluded_lines": 0}, "missing_lines": [], "excluded_lines": []}}}, "bench/adapters/__init__.py": {"executed_lines": [], "summary": {"covered_lines": 0, "num_statements": 51, "percent_covered": 0.0, "percent_covered_display": "0", "missing_lines": 51, "excluded_lines": 0}, "missing_lines": [7, 8, 10, 12, 15, 27, 29, 30, 32, 34, 35, 37, 38, 39, 41, 42, 44, 46, 47, 48, 49, 52, 68, 69, 71, 72, 73, 78, 79, 81, 82, 85, 87, 89, 90, 91, 94, 106, 107, 109, 110, 111, 113, 114, 115, 117, 119, 122, 134, 135, 138], "excluded_lines": [], "functions": {"load_provider_config": {"executed_lines": [], "summary": {"covered_lines": 0, "num_statements": 16, "percent_covered": 0.0, "percent_covered_display": "0", "missing_lines": 16, "excluded_lines": 0}, "missing_lines": [27, 29, 30, 32, 34, 35, 37, 38, 39, 41, 42, 44, 46, 47, 48, 49], "excluded_lines": []}, "create_provider": {"executed_lines": [], "summary": {"covered_lines": 0, "num_statements": 14, "percent_covered": 0.0, "percent_covered_display": "0", "missing_lines": 14, "excluded_lines": 0}, "missing_lines": [68, 69, 71, 72, 73, 78, 79, 81, 82, 85, 87, 89, 90, 91], "excluded_lines": []}, "_get_provider_class": {"executed_lines": [], "summary": {"covered_lines": 0, "num_statements": 10, "percent_covered": 0.0, "percent_covered_display": "0", "missing_lines": 10, "excluded_lines": 0}, "missing_lines": [106, 107, 109, 110, 111, 113, 114, 115, 117, 119], "excluded_lines": []}, "list_available_providers": {"executed_lines": [], "summary": {"covered_lines": 0, "num_statements": 2, "percent_covered": 0.0, "percent_covered_display": "0", "missing_lines": 2, "excluded_lines": 0}, "missing_lines": [134, 135], "excluded_lines": []}, "": {"executed_lines": [], "summary": {"covered_lines": 0, "num_statements": 9, "percent_covered": 0.0, "percent_covered_display": "0", "missing_lines": 9, "excluded_lines": 0}, "missing_lines": [7, 8, 10, 12, 15, 52, 94, 122, 138], "excluded_lines": []}}, "classes": {"": {"executed_lines": [], "summary": {"covered_lines": 0, "num_statements": 51, "percent_covered": 0.0, "percent_covered_display": "0", "missing_lines": 51, "excluded_lines": 0}, "missing_lines": [7, 8, 10, 12, 15, 27, 29, 30, 32, 34, 35, 37, 38, 39, 41, 42, 44, 46, 47, 48, 49, 52, 68, 69, 71, 72, 73, 78, 79, 81, 82, 85, 87, 89, 90, 91, 94, 106, 107, 109, 110, 111, 113, 114, 115, 117, 119, 122, 134, 135, 138], "excluded_lines": []}}}, "bench/adapters/base.py": {"executed_lines": [], "summary": {"covered_lines": 0, "num_statements": 47, "percent_covered": 0.0, "percent_covered_display": "0", "missing_lines": 47, "excluded_lines": 0}, "missing_lines": [7, 8, 11, 14, 17, 20, 23, 26, 29, 32, 35, 38, 41, 48, 55, 56, 58, 59, 85, 87, 97, 98, 99, 105, 106, 107, 112, 113, 114, 116, 128, 131, 132, 133, 134, 135, 142, 143, 146, 147, 148, 150, 151, 152, 154, 156, 158], "excluded_lines": [], "functions": {"Provider.__init__": {"executed_lines": [], "summary": {"covered_lines": 0, "num_statements": 2, "percent_covered": 0.0, "percent_covered_display": "0", "missing_lines": 2, "excluded_lines": 0}, "missing_lines": [55, 56], "excluded_lines": []}, "Provider.invoke": {"executed_lines": [], "summary": {"covered_lines": 0, "num_statements": 1, "percent_covered": 0.0, "percent_covered_display": "0", "missing_lines": 1, "excluded_lines": 0}, "missing_lines": [85], "excluded_lines": []}, "Provider.validate_capabilities": {"executed_lines": [], "summary": {"covered_lines": 0, "num_statements": 9, "percent_covered": 0.0, "percent_covered_display": "0", "missing_lines": 9, "excluded_lines": 0}, "missing_lines": [97, 98, 99, 105, 106, 107, 112, 113, 114], "excluded_lines": []}, "Provider._modify_system_prompt": {"executed_lines": [], "summary": {"covered_lines": 0, "num_statements": 15, "percent_covered": 0.0, "percent_covered_display": "0", "missing_lines": 15, "excluded_lines": 0}, "missing_lines": [128, 131, 132, 133, 134, 135, 142, 143, 146, 147, 148, 150, 151, 152, 154], "excluded_lines": []}, "Provider.__repr__": {"executed_lines": [], "summary": {"covered_lines": 0, "num_statements": 1, "percent_covered": 0.0, "percent_covered_display": "0", "missing_lines": 1, "excluded_lines": 0}, "missing_lines": [158], "excluded_lines": []}, "": {"executed_lines": [], "summary": {"covered_lines": 0, "num_statements": 19, "percent_covered": 0.0, "percent_covered_display": "0", "missing_lines": 19, "excluded_lines": 0}, "missing_lines": [7, 8, 11, 14, 17, 20, 23, 26, 29, 32, 35, 38, 41, 48, 58, 59, 87, 116, 156], "excluded_lines": []}}, "classes": {"ProviderError": {"executed_lines": [], "summary": {"covered_lines": 0, "num_statements": 0, "percent_covered": 100.0, "percent_covered_display": "100", "missing_lines": 0, "excluded_lines": 0}, "missing_lines": [], "excluded_lines": []}, "ProviderConfigurationError": {"executed_lines": [], "summary": {"covered_lines": 0, "num_statements": 0, "percent_covered": 100.0, "percent_covered_display": "100", "missing_lines": 0, "excluded_lines": 0}, "missing_lines": [], "excluded_lines": []}, "ProviderCapabilityError": {"executed_lines": [], "summary": {"covered_lines": 0, "num_statements": 0, "percent_covered": 100.0, "percent_covered_display": "100", "missing_lines": 0, "excluded_lines": 0}, "missing_lines": [], "excluded_lines": []}, "ProviderTimeoutError": {"executed_lines": [], "summary": {"covered_lines": 0, "num_statements": 0, "percent_covered": 100.0, "percent_covered_display": "100", "missing_lines": 0, "excluded_lines": 0}, "missing_lines": [], "excluded_lines": []}, "ProviderRateLimitError": {"executed_lines": [], "summary": {"covered_lines": 0, "num_statements": 0, "percent_covered": 100.0, "percent_covered_display": "100", "missing_lines": 0, "excluded_lines": 0}, "missing_lines": [], "excluded_lines": []}, "Provider": {"executed_lines": [], "summary": {"covered_lines": 0, "num_statements": 28, "percent_covered": 0.0, "percent_covered_display": "0", "missing_lines": 28, "excluded_lines": 0}, "missing_lines": [55, 56, 85, 97, 98, 99, 105, 106, 107, 112, 113, 114, 128, 131, 132, 133, 134, 135, 142, 143, 146, 147, 148, 150, 151, 152, 154, 158], "excluded_lines": []}, "": {"executed_lines": [], "summary": {"covered_lines": 0, "num_statements": 19, "percent_covered": 0.0, "percent_covered_display": "0", "missing_lines": 19, "excluded_lines": 0}, "missing_lines": [7, 8, 11, 14, 17, 20, 23, 26, 29, 32, 35, 38, 41, 48, 58, 59, 87, 116, 156], "excluded_lines": []}}}, "bench/adapters/chatgpt.py": {"executed_lines": [], "summary": {"covered_lines": 0, "num_statements": 60, "percent_covered": 0.0, "percent_covered_display": "0", "missing_lines": 60, "excluded_lines": 0}, "missing_lines": [7, 8, 9, 10, 12, 13, 15, 18, 25, 31, 34, 35, 36, 42, 48, 49, 50, 51, 52, 54, 79, 82, 85, 99, 100, 101, 104, 105, 108, 110, 125, 126, 128, 129, 131, 136, 137, 138, 139, 140, 143, 148, 152, 153, 156, 157, 158, 159, 162, 165, 166, 167, 170, 172, 174, 183, 184, 185, 186, 187], "excluded_lines": [], "functions": {"ChatGPTProvider.__init__": {"executed_lines": [], "summary": {"covered_lines": 0, "num_statements": 10, "percent_covered": 0.0, "percent_covered_display": "0", "missing_lines": 10, "excluded_lines": 0}, "missing_lines": [31, 34, 35, 36, 42, 48, 49, 50, 51, 52], "excluded_lines": []}, "ChatGPTProvider.invoke": {"executed_lines": [], "summary": {"covered_lines": 0, "num_statements": 9, "percent_covered": 0.0, "percent_covered_display": "0", "missing_lines": 9, "excluded_lines": 0}, "missing_lines": [79, 82, 85, 99, 100, 101, 104, 105, 108], "excluded_lines": []}, "ChatGPTProvider._make_request_with_retry": {"executed_lines": [], "summary": {"covered_lines": 0, "num_statements": 24, "percent_covered": 0.0, "percent_covered_display": "0", "missing_lines": 24, "excluded_lines": 0}, "missing_lines": [125, 126, 128, 129, 131, 136, 137, 138, 139, 140, 143, 148, 152, 153, 156, 157, 158, 159, 162, 165, 166, 167, 170, 172], "excluded_lines": []}, "ChatGPTProvider._validate_json_response": {"executed_lines": [], "summary": {"covered_lines": 0, "num_statements": 5, "percent_covered": 0.0, "percent_covered_display": "0", "missing_lines": 5, "excluded_lines": 0}, "missing_lines": [183, 184, 185, 186, 187], "excluded_lines": []}, "": {"executed_lines": [], "summary": {"covered_lines": 0, "num_statements": 12, "percent_covered": 0.0, "percent_covered_display": "0", "missing_lines": 12, "excluded_lines": 0}, "missing_lines": [7, 8, 9, 10, 12, 13, 15, 18, 25, 54, 110, 174], "excluded_lines": []}}, "classes": {"ChatGPTProvider": {"executed_lines": [], "summary": {"covered_lines": 0, "num_statements": 48, "percent_covered": 0.0, "percent_covered_display": "0", "missing_lines": 48, "excluded_lines": 0}, "missing_lines": [31, 34, 35, 36, 42, 48, 49, 50, 51, 52, 79, 82, 85, 99, 100, 101, 104, 105, 108, 125, 126, 128, 129, 131, 136, 137, 138, 139, 140, 143, 148, 152, 153, 156, 157, 158, 159, 162, 165, 166, 167, 170, 172, 183, 184, 185, 186, 187], "excluded_lines": []}, "": {"executed_lines": [], "summary": {"covered_lines": 0, "num_statements": 12, "percent_covered": 0.0, "percent_covered_display": "0", "missing_lines": 12, "excluded_lines": 0}, "missing_lines": [7, 8, 9, 10, 12, 13, 15, 18, 25, 54, 110, 174], "excluded_lines": []}}}, "bench/adapters/chatgpt_manual.py": {"executed_lines": [], "summary": {"covered_lines": 0, "num_statements": 176, "percent_covered": 0.0, "percent_covered_display": "0", "missing_lines": 176, "excluded_lines": 0}, "missing_lines": [7, 8, 9, 11, 12, 13, 14, 15, 17, 20, 27, 33, 34, 35, 36, 38, 61, 63, 66, 69, 72, 75, 76, 78, 80, 81, 82, 83, 84, 85, 87, 97, 99, 100, 102, 104, 114, 115, 116, 117, 120, 121, 122, 123, 124, 125, 128, 131, 133, 134, 135, 136, 138, 139, 141, 142, 145, 146, 147, 148, 150, 151, 152, 153, 157, 159, 170, 171, 172, 175, 176, 177, 185, 188, 191, 194, 199, 201, 202, 204, 207, 210, 211, 225, 239, 242, 244, 253, 255, 256, 260, 261, 263, 264, 266, 267, 268, 270, 272, 281, 283, 284, 288, 289, 291, 292, 294, 295, 296, 298, 300, 310, 312, 313, 315, 316, 318, 320, 326, 327, 330, 331, 332, 334, 343, 344, 347, 348, 349, 351, 363, 364, 369, 370, 371, 373, 375, 379, 382, 384, 386, 389, 397, 403, 404, 406, 408, 412, 414, 418, 419, 421, 427, 431, 432, 434, 435, 436, 437, 438, 439, 440, 441, 443, 444, 445, 446, 448, 451, 452, 453, 466, 470, 471, 474, 476], "excluded_lines": [], "functions": {"ChatGPTManualProvider.__init__": {"executed_lines": [], "summary": {"covered_lines": 0, "num_statements": 4, "percent_covered": 0.0, "percent_covered_display": "0", "missing_lines": 4, "excluded_lines": 0}, "missing_lines": [33, 34, 35, 36], "excluded_lines": []}, "ChatGPTManualProvider.invoke": {"executed_lines": [], "summary": {"covered_lines": 0, "num_statements": 14, "percent_covered": 0.0, "percent_covered_display": "0", "missing_lines": 14, "excluded_lines": 0}, "missing_lines": [61, 63, 66, 69, 72, 75, 76, 78, 80, 81, 82, 83, 84, 85], "excluded_lines": []}, "ChatGPTManualProvider._display_prompt": {"executed_lines": [], "summary": {"covered_lines": 0, "num_statements": 4, "percent_covered": 0.0, "percent_covered_display": "0", "missing_lines": 4, "excluded_lines": 0}, "missing_lines": [97, 99, 100, 102], "excluded_lines": []}, "ChatGPTManualProvider._display_prompt_plain": {"executed_lines": [], "summary": {"covered_lines": 0, "num_statements": 29, "percent_covered": 0.0, "percent_covered_display": "0", "missing_lines": 29, "excluded_lines": 0}, "missing_lines": [114, 115, 116, 117, 120, 121, 122, 123, 124, 125, 128, 131, 133, 134, 135, 136, 138, 139, 141, 142, 145, 146, 147, 148, 150, 151, 152, 153, 157], "excluded_lines": []}, "ChatGPTManualProvider._display_prompt_rich": {"executed_lines": [], "summary": {"covered_lines": 0, "num_statements": 20, "percent_covered": 0.0, "percent_covered_display": "0", "missing_lines": 20, "excluded_lines": 0}, "missing_lines": [170, 171, 172, 175, 176, 177, 185, 188, 191, 194, 199, 201, 202, 204, 207, 210, 211, 225, 239, 242], "excluded_lines": []}, "ChatGPTManualProvider._format_constraints": {"executed_lines": [], "summary": {"covered_lines": 0, "num_statements": 11, "percent_covered": 0.0, "percent_covered_display": "0", "missing_lines": 11, "excluded_lines": 0}, "missing_lines": [253, 255, 256, 260, 261, 263, 264, 266, 267, 268, 270], "excluded_lines": []}, "ChatGPTManualProvider._format_constraints_plain": {"executed_lines": [], "summary": {"covered_lines": 0, "num_statements": 11, "percent_covered": 0.0, "percent_covered_display": "0", "missing_lines": 11, "excluded_lines": 0}, "missing_lines": [281, 283, 284, 288, 289, 291, 292, 294, 295, 296, 298], "excluded_lines": []}, "ChatGPTManualProvider._combine_prompts_for_chatgpt": {"executed_lines": [], "summary": {"covered_lines": 0, "num_statements": 6, "percent_covered": 0.0, "percent_covered_display": "0", "missing_lines": 6, "excluded_lines": 0}, "missing_lines": [310, 312, 313, 315, 316, 318], "excluded_lines": []}, "ChatGPTManualProvider._read_from_clipboard": {"executed_lines": [], "summary": {"covered_lines": 0, "num_statements": 5, "percent_covered": 0.0, "percent_covered_display": "0", "missing_lines": 5, "excluded_lines": 0}, "missing_lines": [326, 327, 330, 331, 332], "excluded_lines": []}, "ChatGPTManualProvider._copy_to_clipboard": {"executed_lines": [], "summary": {"covered_lines": 0, "num_statements": 5, "percent_covered": 0.0, "percent_covered_display": "0", "missing_lines": 5, "excluded_lines": 0}, "missing_lines": [343, 344, 347, 348, 349], "excluded_lines": []}, "ChatGPTManualProvider._collect_response": {"executed_lines": [], "summary": {"covered_lines": 0, "num_statements": 20, "percent_covered": 0.0, "percent_covered_display": "0", "missing_lines": 20, "excluded_lines": 0}, "missing_lines": [363, 369, 370, 371, 373, 375, 379, 382, 384, 386, 389, 397, 403, 404, 406, 408, 412, 414, 418, 419], "excluded_lines": []}, "ChatGPTManualProvider._collect_response.timeout_handler": {"executed_lines": [], "summary": {"covered_lines": 0, "num_statements": 1, "percent_covered": 0.0, "percent_covered_display": "0", "missing_lines": 1, "excluded_lines": 0}, "missing_lines": [364], "excluded_lines": []}, "ChatGPTManualProvider._collect_manual_input": {"executed_lines": [], "summary": {"covered_lines": 0, "num_statements": 24, "percent_covered": 0.0, "percent_covered_display": "0", "missing_lines": 24, "excluded_lines": 0}, "missing_lines": [427, 431, 432, 434, 435, 436, 437, 438, 439, 440, 441, 443, 444, 445, 446, 448, 451, 452, 453, 466, 470, 471, 474, 476], "excluded_lines": []}, "": {"executed_lines": [], "summary": {"covered_lines": 0, "num_statements": 22, "percent_covered": 0.0, "percent_covered_display": "0", "missing_lines": 22, "excluded_lines": 0}, "missing_lines": [7, 8, 9, 11, 12, 13, 14, 15, 17, 20, 27, 38, 87, 104, 159, 244, 272, 300, 320, 334, 351, 421], "excluded_lines": []}}, "classes": {"ChatGPTManualProvider": {"executed_lines": [], "summary": {"covered_lines": 0, "num_statements": 154, "percent_covered": 0.0, "percent_covered_display": "0", "missing_lines": 154, "excluded_lines": 0}, "missing_lines": [33, 34, 35, 36, 61, 63, 66, 69, 72, 75, 76, 78, 80, 81, 82, 83, 84, 85, 97, 99, 100, 102, 114, 115, 116, 117, 120, 121, 122, 123, 124, 125, 128, 131, 133, 134, 135, 136, 138, 139, 141, 142, 145, 146, 147, 148, 150, 151, 152, 153, 157, 170, 171, 172, 175, 176, 177, 185, 188, 191, 194, 199, 201, 202, 204, 207, 210, 211, 225, 239, 242, 253, 255, 256, 260, 261, 263, 264, 266, 267, 268, 270, 281, 283, 284, 288, 289, 291, 292, 294, 295, 296, 298, 310, 312, 313, 315, 316, 318, 326, 327, 330, 331, 332, 343, 344, 347, 348, 349, 363, 364, 369, 370, 371, 373, 375, 379, 382, 384, 386, 389, 397, 403, 404, 406, 408, 412, 414, 418, 419, 427, 431, 432, 434, 435, 436, 437, 438, 439, 440, 441, 443, 444, 445, 446, 448, 451, 452, 453, 466, 470, 471, 474, 476], "excluded_lines": []}, "": {"executed_lines": [], "summary": {"covered_lines": 0, "num_statements": 22, "percent_covered": 0.0, "percent_covered_display": "0", "missing_lines": 22, "excluded_lines": 0}, "missing_lines": [7, 8, 9, 11, 12, 13, 14, 15, 17, 20, 27, 38, 87, 104, 159, 244, 272, 300, 320, 334, 351, 421], "excluded_lines": []}}}, "bench/adapters/copilot_manual.py": {"executed_lines": [], "summary": {"covered_lines": 0, "num_statements": 158, "percent_covered": 0.0, "percent_covered_display": "0", "missing_lines": 158, "excluded_lines": 0}, "missing_lines": [7, 8, 9, 11, 12, 13, 14, 15, 17, 20, 27, 33, 34, 35, 36, 38, 61, 63, 66, 69, 72, 75, 76, 78, 80, 81, 82, 83, 84, 85, 87, 97, 99, 100, 102, 104, 116, 117, 118, 121, 124, 126, 127, 129, 132, 133, 135, 137, 148, 149, 150, 153, 154, 155, 163, 166, 169, 172, 177, 179, 180, 182, 185, 188, 189, 206, 220, 223, 225, 234, 236, 237, 241, 242, 244, 245, 247, 248, 249, 251, 253, 262, 264, 265, 269, 270, 272, 273, 275, 276, 277, 279, 281, 291, 293, 294, 296, 297, 299, 301, 307, 308, 311, 312, 313, 315, 324, 325, 328, 329, 330, 332, 344, 345, 350, 351, 352, 354, 356, 360, 363, 365, 367, 370, 378, 384, 385, 387, 389, 393, 395, 399, 400, 402, 408, 412, 413, 415, 416, 417, 418, 419, 420, 421, 422, 424, 425, 426, 427, 429, 432, 433, 434, 447, 451, 452, 455, 457], "excluded_lines": [], "functions": {"CopilotManualProvider.__init__": {"executed_lines": [], "summary": {"covered_lines": 0, "num_statements": 4, "percent_covered": 0.0, "percent_covered_display": "0", "missing_lines": 4, "excluded_lines": 0}, "missing_lines": [33, 34, 35, 36], "excluded_lines": []}, "CopilotManualProvider.invoke": {"executed_lines": [], "summary": {"covered_lines": 0, "num_statements": 14, "percent_covered": 0.0, "percent_covered_display": "0", "missing_lines": 14, "excluded_lines": 0}, "missing_lines": [61, 63, 66, 69, 72, 75, 76, 78, 80, 81, 82, 83, 84, 85], "excluded_lines": []}, "CopilotManualProvider._display_prompt": {"executed_lines": [], "summary": {"covered_lines": 0, "num_statements": 4, "percent_covered": 0.0, "percent_covered_display": "0", "missing_lines": 4, "excluded_lines": 0}, "missing_lines": [97, 99, 100, 102], "excluded_lines": []}, "CopilotManualProvider._display_prompt_plain": {"executed_lines": [], "summary": {"covered_lines": 0, "num_statements": 11, "percent_covered": 0.0, "percent_covered_display": "0", "missing_lines": 11, "excluded_lines": 0}, "missing_lines": [116, 117, 118, 121, 124, 126, 127, 129, 132, 133, 135], "excluded_lines": []}, "CopilotManualProvider._display_prompt_rich": {"executed_lines": [], "summary": {"covered_lines": 0, "num_statements": 20, "percent_covered": 0.0, "percent_covered_display": "0", "missing_lines": 20, "excluded_lines": 0}, "missing_lines": [148, 149, 150, 153, 154, 155, 163, 166, 169, 172, 177, 179, 180, 182, 185, 188, 189, 206, 220, 223], "excluded_lines": []}, "CopilotManualProvider._format_constraints": {"executed_lines": [], "summary": {"covered_lines": 0, "num_statements": 11, "percent_covered": 0.0, "percent_covered_display": "0", "missing_lines": 11, "excluded_lines": 0}, "missing_lines": [234, 236, 237, 241, 242, 244, 245, 247, 248, 249, 251], "excluded_lines": []}, "CopilotManualProvider._format_constraints_plain": {"executed_lines": [], "summary": {"covered_lines": 0, "num_statements": 11, "percent_covered": 0.0, "percent_covered_display": "0", "missing_lines": 11, "excluded_lines": 0}, "missing_lines": [262, 264, 265, 269, 270, 272, 273, 275, 276, 277, 279], "excluded_lines": []}, "CopilotManualProvider._combine_prompts_for_copilot": {"executed_lines": [], "summary": {"covered_lines": 0, "num_statements": 6, "percent_covered": 0.0, "percent_covered_display": "0", "missing_lines": 6, "excluded_lines": 0}, "missing_lines": [291, 293, 294, 296, 297, 299], "excluded_lines": []}, "CopilotManualProvider._read_from_clipboard": {"executed_lines": [], "summary": {"covered_lines": 0, "num_statements": 5, "percent_covered": 0.0, "percent_covered_display": "0", "missing_lines": 5, "excluded_lines": 0}, "missing_lines": [307, 308, 311, 312, 313], "excluded_lines": []}, "CopilotManualProvider._copy_to_clipboard": {"executed_lines": [], "summary": {"covered_lines": 0, "num_statements": 5, "percent_covered": 0.0, "percent_covered_display": "0", "missing_lines": 5, "excluded_lines": 0}, "missing_lines": [324, 325, 328, 329, 330], "excluded_lines": []}, "CopilotManualProvider._collect_response": {"executed_lines": [], "summary": {"covered_lines": 0, "num_statements": 20, "percent_covered": 0.0, "percent_covered_display": "0", "missing_lines": 20, "excluded_lines": 0}, "missing_lines": [344, 350, 351, 352, 354, 356, 360, 363, 365, 367, 370, 378, 384, 385, 387, 389, 393, 395, 399, 400], "excluded_lines": []}, "CopilotManualProvider._collect_response.timeout_handler": {"executed_lines": [], "summary": {"covered_lines": 0, "num_statements": 1, "percent_covered": 0.0, "percent_covered_display": "0", "missing_lines": 1, "excluded_lines": 0}, "missing_lines": [345], "excluded_lines": []}, "CopilotManualProvider._collect_manual_input": {"executed_lines": [], "summary": {"covered_lines": 0, "num_statements": 24, "percent_covered": 0.0, "percent_covered_display": "0", "missing_lines": 24, "excluded_lines": 0}, "missing_lines": [408, 412, 413, 415, 416, 417, 418, 419, 420, 421, 422, 424, 425, 426, 427, 429, 432, 433, 434, 447, 451, 452, 455, 457], "excluded_lines": []}, "": {"executed_lines": [], "summary": {"covered_lines": 0, "num_statements": 22, "percent_covered": 0.0, "percent_covered_display": "0", "missing_lines": 22, "excluded_lines": 0}, "missing_lines": [7, 8, 9, 11, 12, 13, 14, 15, 17, 20, 27, 38, 87, 104, 137, 225, 253, 281, 301, 315, 332, 402], "excluded_lines": []}}, "classes": {"CopilotManualProvider": {"executed_lines": [], "summary": {"covered_lines": 0, "num_statements": 136, "percent_covered": 0.0, "percent_covered_display": "0", "missing_lines": 136, "excluded_lines": 0}, "missing_lines": [33, 34, 35, 36, 61, 63, 66, 69, 72, 75, 76, 78, 80, 81, 82, 83, 84, 85, 97, 99, 100, 102, 116, 117, 118, 121, 124, 126, 127, 129, 132, 133, 135, 148, 149, 150, 153, 154, 155, 163, 166, 169, 172, 177, 179, 180, 182, 185, 188, 189, 206, 220, 223, 234, 236, 237, 241, 242, 244, 245, 247, 248, 249, 251, 262, 264, 265, 269, 270, 272, 273, 275, 276, 277, 279, 291, 293, 294, 296, 297, 299, 307, 308, 311, 312, 313, 324, 325, 328, 329, 330, 344, 345, 350, 351, 352, 354, 356, 360, 363, 365, 367, 370, 378, 384, 385, 387, 389, 393, 395, 399, 400, 408, 412, 413, 415, 416, 417, 418, 419, 420, 421, 422, 424, 425, 426, 427, 429, 432, 433, 434, 447, 451, 452, 455, 457], "excluded_lines": []}, "": {"executed_lines": [], "summary": {"covered_lines": 0, "num_statements": 22, "percent_covered": 0.0, "percent_covered_display": "0", "missing_lines": 22, "excluded_lines": 0}, "missing_lines": [7, 8, 9, 11, 12, 13, 14, 15, 17, 20, 27, 38, 87, 104, 137, 225, 253, 281, 301, 315, 332, 402], "excluded_lines": []}}}, "bench/analytics/__init__.py": {"executed_lines": [1, 3, 4, 5, 6, 8], "summary": {"covered_lines": 5, "num_statements": 5, "percent_covered": 100.0, "percent_covered_display": "100", "missing_lines": 0, "excluded_lines": 0}, "missing_lines": [], "excluded_lines": [], "functions": {"": {"executed_lines": [1, 3, 4, 5, 6, 8], "summary": {"covered_lines": 5, "num_statements": 5, "percent_covered": 100.0, "percent_covered_display": "100", "missing_lines": 0, "excluded_lines": 0}, "missing_lines": [], "excluded_lines": []}}, "classes": {"": {"executed_lines": [1, 3, 4, 5, 6, 8], "summary": {"covered_lines": 5, "num_statements": 5, "percent_covered": 100.0, "percent_covered_display": "100", "missing_lines": 0, "excluded_lines": 0}, "missing_lines": [], "excluded_lines": []}}}, "bench/analytics/insights.py": {"executed_lines": [1, 3, 4, 5, 7, 9, 10, 11, 14, 15, 16, 18, 19, 20, 21, 22, 23, 24, 25, 26, 27, 30, 31, 33, 41, 99, 255, 332, 463, 517, 537, 558, 562, 586, 600, 663, 679, 697], "summary": {"covered_lines": 35, "num_statements": 212, "percent_covered": 16.50943396226415, "percent_covered_display": "17", "missing_lines": 177, "excluded_lines": 0}, "missing_lines": [35, 36, 37, 38, 39, 45, 47, 48, 51, 54, 57, 60, 63, 64, 87, 94, 95, 97, 103, 105, 106, 108, 110, 111, 112, 114, 115, 117, 122, 123, 124, 125, 128, 129, 131, 132, 166, 194, 195, 225, 226, 253, 257, 260, 262, 263, 264, 266, 267, 270, 271, 272, 274, 275, 276, 277, 280, 284, 288, 292, 293, 295, 330, 334, 340, 342, 343, 344, 345, 348, 353, 358, 362, 397, 401, 432, 433, 461, 467, 470, 472, 475, 479, 480, 483, 487, 488, 515, 521, 523, 524, 525, 526, 528, 529, 530, 531, 533, 535, 541, 543, 544, 545, 551, 552, 554, 556, 560, 566, 567, 569, 570, 572, 573, 576, 577, 579, 580, 581, 582, 584, 588, 590, 604, 606, 607, 610, 612, 613, 614, 616, 617, 620, 621, 623, 624, 627, 628, 630, 631, 661, 667, 669, 670, 672, 673, 675, 677, 683, 685, 686, 687, 688, 690, 691, 693, 695, 701, 703, 704, 707, 709, 710, 711, 713, 716, 717, 719, 720, 723, 726, 727, 728, 730, 731, 735, 766], "excluded_lines": [], "functions": {"InsightsEngine.__init__": {"executed_lines": [], "summary": {"covered_lines": 0, "num_statements": 5, "percent_covered": 0.0, "percent_covered_display": "0", "missing_lines": 5, "excluded_lines": 0}, "missing_lines": [35, 36, 37, 38, 39], "excluded_lines": []}, "InsightsEngine.generate_insights": {"executed_lines": [], "summary": {"covered_lines": 0, "num_statements": 13, "percent_covered": 0.0, "percent_covered_display": "0", "missing_lines": 13, "excluded_lines": 0}, "missing_lines": [45, 47, 48, 51, 54, 57, 60, 63, 64, 87, 94, 95, 97], "excluded_lines": []}, "InsightsEngine._analyze_performance_patterns": {"executed_lines": [], "summary": {"covered_lines": 0, "num_statements": 24, "percent_covered": 0.0, "percent_covered_display": "0", "missing_lines": 24, "excluded_lines": 0}, "missing_lines": [103, 105, 106, 108, 110, 111, 112, 114, 115, 117, 122, 123, 124, 125, 128, 129, 131, 132, 166, 194, 195, 225, 226, 253], "excluded_lines": []}, "InsightsEngine._compare_providers": {"executed_lines": [], "summary": {"covered_lines": 0, "num_statements": 21, "percent_covered": 0.0, "percent_covered_display": "0", "missing_lines": 21, "excluded_lines": 0}, "missing_lines": [257, 260, 262, 263, 264, 266, 267, 270, 271, 272, 274, 275, 276, 277, 280, 284, 288, 292, 293, 295, 330], "excluded_lines": []}, "InsightsEngine._analyze_trends": {"executed_lines": [], "summary": {"covered_lines": 0, "num_statements": 15, "percent_covered": 0.0, "percent_covered_display": "0", "missing_lines": 15, "excluded_lines": 0}, "missing_lines": [334, 340, 342, 343, 344, 345, 348, 353, 358, 362, 397, 401, 432, 433, 461], "excluded_lines": []}, "InsightsEngine._generate_regression_insights": {"executed_lines": [], "summary": {"covered_lines": 0, "num_statements": 10, "percent_covered": 0.0, "percent_covered_display": "0", "missing_lines": 10, "excluded_lines": 0}, "missing_lines": [467, 470, 472, 475, 479, 480, 483, 487, 488, 515], "excluded_lines": []}, "InsightsEngine._group_by_provider": {"executed_lines": [], "summary": {"covered_lines": 0, "num_statements": 11, "percent_covered": 0.0, "percent_covered_display": "0", "missing_lines": 11, "excluded_lines": 0}, "missing_lines": [521, 523, 524, 525, 526, 528, 529, 530, 531, 533, 535], "excluded_lines": []}, "InsightsEngine._group_by_time_window": {"executed_lines": [], "summary": {"covered_lines": 0, "num_statements": 8, "percent_covered": 0.0, "percent_covered_display": "0", "missing_lines": 8, "excluded_lines": 0}, "missing_lines": [541, 543, 544, 545, 551, 552, 554, 556], "excluded_lines": []}, "InsightsEngine._calculate_percentile": {"executed_lines": [], "summary": {"covered_lines": 0, "num_statements": 1, "percent_covered": 0.0, "percent_covered_display": "0", "missing_lines": 1, "excluded_lines": 0}, "missing_lines": [560], "excluded_lines": []}, "InsightsEngine._assess_anomaly_severity": {"executed_lines": [], "summary": {"covered_lines": 0, "num_statements": 13, "percent_covered": 0.0, "percent_covered_display": "0", "missing_lines": 13, "excluded_lines": 0}, "missing_lines": [566, 567, 569, 570, 572, 573, 576, 577, 579, 580, 581, 582, 584], "excluded_lines": []}, "InsightsEngine._prioritize_insights": {"executed_lines": [], "summary": {"covered_lines": 0, "num_statements": 2, "percent_covered": 0.0, "percent_covered_display": "0", "missing_lines": 2, "excluded_lines": 0}, "missing_lines": [588, 590], "excluded_lines": []}, "InsightsEngine._detect_anomalies": {"executed_lines": [], "summary": {"covered_lines": 0, "num_statements": 18, "percent_covered": 0.0, "percent_covered_display": "0", "missing_lines": 18, "excluded_lines": 0}, "missing_lines": [604, 606, 607, 610, 612, 613, 614, 616, 617, 620, 621, 623, 624, 627, 628, 630, 631, 661], "excluded_lines": []}, "InsightsEngine._group_by_task": {"executed_lines": [], "summary": {"covered_lines": 0, "num_statements": 7, "percent_covered": 0.0, "percent_covered_display": "0", "missing_lines": 7, "excluded_lines": 0}, "missing_lines": [667, 669, 670, 672, 673, 675, 677], "excluded_lines": []}, "InsightsEngine._group_by_provider_task": {"executed_lines": [], "summary": {"covered_lines": 0, "num_statements": 9, "percent_covered": 0.0, "percent_covered_display": "0", "missing_lines": 9, "excluded_lines": 0}, "missing_lines": [683, 685, 686, 687, 688, 690, 691, 693, 695], "excluded_lines": []}, "InsightsEngine._check_regressions": {"executed_lines": [], "summary": {"covered_lines": 0, "num_statements": 20, "percent_covered": 0.0, "percent_covered_display": "0", "missing_lines": 20, "excluded_lines": 0}, "missing_lines": [701, 703, 704, 707, 709, 710, 711, 713, 716, 717, 719, 720, 723, 726, 727, 728, 730, 731, 735, 766], "excluded_lines": []}, "": {"executed_lines": [1, 3, 4, 5, 7, 9, 10, 11, 14, 15, 16, 18, 19, 20, 21, 22, 23, 24, 25, 26, 27, 30, 31, 33, 41, 99, 255, 332, 463, 517, 537, 558, 562, 586, 600, 663, 679, 697], "summary": {"covered_lines": 35, "num_statements": 35, "percent_covered": 100.0, "percent_covered_display": "100", "missing_lines": 0, "excluded_lines": 0}, "missing_lines": [], "excluded_lines": []}}, "classes": {"Insight": {"executed_lines": [], "summary": {"covered_lines": 0, "num_statements": 0, "percent_covered": 100.0, "percent_covered_display": "100", "missing_lines": 0, "excluded_lines": 0}, "missing_lines": [], "excluded_lines": []}, "InsightsEngine": {"executed_lines": [], "summary": {"covered_lines": 0, "num_statements": 177, "percent_covered": 0.0, "percent_covered_display": "0", "missing_lines": 177, "excluded_lines": 0}, "missing_lines": [35, 36, 37, 38, 39, 45, 47, 48, 51, 54, 57, 60, 63, 64, 87, 94, 95, 97, 103, 105, 106, 108, 110, 111, 112, 114, 115, 117, 122, 123, 124, 125, 128, 129, 131, 132, 166, 194, 195, 225, 226, 253, 257, 260, 262, 263, 264, 266, 267, 270, 271, 272, 274, 275, 276, 277, 280, 284, 288, 292, 293, 295, 330, 334, 340, 342, 343, 344, 345, 348, 353, 358, 362, 397, 401, 432, 433, 461, 467, 470, 472, 475, 479, 480, 483, 487, 488, 515, 521, 523, 524, 525, 526, 528, 529, 530, 531, 533, 535, 541, 543, 544, 545, 551, 552, 554, 556, 560, 566, 567, 569, 570, 572, 573, 576, 577, 579, 580, 581, 582, 584, 588, 590, 604, 606, 607, 610, 612, 613, 614, 616, 617, 620, 621, 623, 624, 627, 628, 630, 631, 661, 667, 669, 670, 672, 673, 675, 677, 683, 685, 686, 687, 688, 690, 691, 693, 695, 701, 703, 704, 707, 709, 710, 711, 713, 716, 717, 719, 720, 723, 726, 727, 728, 730, 731, 735, 766], "excluded_lines": []}, "": {"executed_lines": [1, 3, 4, 5, 7, 9, 10, 11, 14, 15, 16, 18, 19, 20, 21, 22, 23, 24, 25, 26, 27, 30, 31, 33, 41, 99, 255, 332, 463, 517, 537, 558, 562, 586, 600, 663, 679, 697], "summary": {"covered_lines": 35, "num_statements": 35, "percent_covered": 100.0, "percent_covered_display": "100", "missing_lines": 0, "excluded_lines": 0}, "missing_lines": [], "excluded_lines": []}}}, "bench/analytics/regression.py": {"executed_lines": [1, 5, 6, 7, 9, 11, 14, 15, 16, 18, 19, 20, 21, 22, 23, 24, 25, 28, 29, 31, 45, 125, 188, 224, 240, 284, 301, 319, 367, 389], "summary": {"covered_lines": 27, "num_statements": 153, "percent_covered": 17.647058823529413, "percent_covered_display": "18", "missing_lines": 126, "excluded_lines": 0}, "missing_lines": [33, 41, 42, 43, 51, 55, 67, 70, 75, 76, 77, 79, 80, 81, 84, 86, 87, 88, 91, 94, 97, 98, 99, 102, 105, 114, 127, 129, 130, 131, 133, 134, 142, 143, 151, 152, 161, 162, 166, 167, 172, 173, 178, 186, 193, 194, 196, 197, 200, 201, 202, 203, 205, 209, 213, 214, 215, 217, 228, 230, 231, 232, 234, 235, 236, 238, 245, 250, 251, 252, 257, 263, 288, 292, 293, 294, 295, 296, 297, 299, 305, 306, 309, 311, 312, 313, 314, 315, 317, 323, 324, 327, 328, 329, 332, 333, 334, 337, 338, 341, 342, 343, 344, 347, 349, 351, 371, 372, 373, 375, 376, 378, 379, 381, 382, 384, 385, 387, 393, 395, 396, 397, 398, 399, 400, 402], "excluded_lines": [], "functions": {"RegressionAnalyzer.__init__": {"executed_lines": [], "summary": {"covered_lines": 0, "num_statements": 4, "percent_covered": 0.0, "percent_covered_display": "0", "missing_lines": 4, "excluded_lines": 0}, "missing_lines": [33, 41, 42, 43], "excluded_lines": []}, "RegressionAnalyzer.analyze_regression": {"executed_lines": [], "summary": {"covered_lines": 0, "num_statements": 22, "percent_covered": 0.0, "percent_covered_display": "0", "missing_lines": 22, "excluded_lines": 0}, "missing_lines": [51, 55, 67, 70, 75, 76, 77, 79, 80, 81, 84, 86, 87, 88, 91, 94, 97, 98, 99, 102, 105, 114], "excluded_lines": []}, "RegressionAnalyzer.generate_recommendations": {"executed_lines": [], "summary": {"covered_lines": 0, "num_statements": 18, "percent_covered": 0.0, "percent_covered_display": "0", "missing_lines": 18, "excluded_lines": 0}, "missing_lines": [127, 129, 130, 131, 133, 134, 142, 143, 151, 152, 161, 162, 166, 167, 172, 173, 178, 186], "excluded_lines": []}, "RegressionAnalyzer.detect_regressions": {"executed_lines": [], "summary": {"covered_lines": 0, "num_statements": 14, "percent_covered": 0.0, "percent_covered_display": "0", "missing_lines": 14, "excluded_lines": 0}, "missing_lines": [193, 194, 196, 197, 200, 201, 202, 203, 205, 209, 213, 214, 215, 217], "excluded_lines": []}, "RegressionAnalyzer._group_by_provider_task": {"executed_lines": [], "summary": {"covered_lines": 0, "num_statements": 8, "percent_covered": 0.0, "percent_covered_display": "0", "missing_lines": 8, "excluded_lines": 0}, "missing_lines": [228, 230, 231, 232, 234, 235, 236, 238], "excluded_lines": []}, "RegressionAnalyzer._analyze_task_regression": {"executed_lines": [], "summary": {"covered_lines": 0, "num_statements": 6, "percent_covered": 0.0, "percent_covered_display": "0", "missing_lines": 6, "excluded_lines": 0}, "missing_lines": [245, 250, 251, 252, 257, 263], "excluded_lines": []}, "RegressionAnalyzer._calculate_regression_severity": {"executed_lines": [], "summary": {"covered_lines": 0, "num_statements": 8, "percent_covered": 0.0, "percent_covered_display": "0", "missing_lines": 8, "excluded_lines": 0}, "missing_lines": [288, 292, 293, 294, 295, 296, 297, 299], "excluded_lines": []}, "RegressionAnalyzer._calculate_overall_confidence": {"executed_lines": [], "summary": {"covered_lines": 0, "num_statements": 9, "percent_covered": 0.0, "percent_covered_display": "0", "missing_lines": 9, "excluded_lines": 0}, "missing_lines": [305, 306, 309, 311, 312, 313, 314, 315, 317], "excluded_lines": []}, "RegressionAnalyzer.detect_performance_drift": {"executed_lines": [], "summary": {"covered_lines": 0, "num_statements": 17, "percent_covered": 0.0, "percent_covered_display": "0", "missing_lines": 17, "excluded_lines": 0}, "missing_lines": [323, 324, 327, 328, 329, 332, 333, 334, 337, 338, 341, 342, 343, 344, 347, 349, 351], "excluded_lines": []}, "RegressionAnalyzer._detect_trend_violations": {"executed_lines": [], "summary": {"covered_lines": 0, "num_statements": 12, "percent_covered": 0.0, "percent_covered_display": "0", "missing_lines": 12, "excluded_lines": 0}, "missing_lines": [371, 372, 373, 375, 376, 378, 379, 381, 382, 384, 385, 387], "excluded_lines": []}, "RegressionAnalyzer._assess_drift_severity": {"executed_lines": [], "summary": {"covered_lines": 0, "num_statements": 8, "percent_covered": 0.0, "percent_covered_display": "0", "missing_lines": 8, "excluded_lines": 0}, "missing_lines": [393, 395, 396, 397, 398, 399, 400, 402], "excluded_lines": []}, "": {"executed_lines": [1, 5, 6, 7, 9, 11, 14, 15, 16, 18, 19, 20, 21, 22, 23, 24, 25, 28, 29, 31, 45, 125, 188, 224, 240, 284, 301, 319, 367, 389], "summary": {"covered_lines": 27, "num_statements": 27, "percent_covered": 100.0, "percent_covered_display": "100", "missing_lines": 0, "excluded_lines": 0}, "missing_lines": [], "excluded_lines": []}}, "classes": {"RegressionAlert": {"executed_lines": [], "summary": {"covered_lines": 0, "num_statements": 0, "percent_covered": 100.0, "percent_covered_display": "100", "missing_lines": 0, "excluded_lines": 0}, "missing_lines": [], "excluded_lines": []}, "RegressionAnalyzer": {"executed_lines": [], "summary": {"covered_lines": 0, "num_statements": 126, "percent_covered": 0.0, "percent_covered_display": "0", "missing_lines": 126, "excluded_lines": 0}, "missing_lines": [33, 41, 42, 43, 51, 55, 67, 70, 75, 76, 77, 79, 80, 81, 84, 86, 87, 88, 91, 94, 97, 98, 99, 102, 105, 114, 127, 129, 130, 131, 133, 134, 142, 143, 151, 152, 161, 162, 166, 167, 172, 173, 178, 186, 193, 194, 196, 197, 200, 201, 202, 203, 205, 209, 213, 214, 215, 217, 228, 230, 231, 232, 234, 235, 236, 238, 245, 250, 251, 252, 257, 263, 288, 292, 293, 294, 295, 296, 297, 299, 305, 306, 309, 311, 312, 313, 314, 315, 317, 323, 324, 327, 328, 329, 332, 333, 334, 337, 338, 341, 342, 343, 344, 347, 349, 351, 371, 372, 373, 375, 376, 378, 379, 381, 382, 384, 385, 387, 393, 395, 396, 397, 398, 399, 400, 402], "excluded_lines": []}, "": {"executed_lines": [1, 5, 6, 7, 9, 11, 14, 15, 16, 18, 19, 20, 21, 22, 23, 24, 25, 28, 29, 31, 45, 125, 188, 224, 240, 284, 301, 319, 367, 389], "summary": {"covered_lines": 27, "num_statements": 27, "percent_covered": 100.0, "percent_covered_display": "100", "missing_lines": 0, "excluded_lines": 0}, "missing_lines": [], "excluded_lines": []}}}, "bench/analytics/statistics.py": {"executed_lines": [1, 3, 4, 5, 6, 8, 9, 12, 13, 15, 16, 17, 18, 19, 22, 23, 24, 26, 27, 28, 29, 30, 31, 32, 33, 34, 37, 38, 40, 42, 44, 52, 53, 56, 59, 60, 63, 64, 65, 66, 70, 109, 162, 166, 167, 170, 174, 181, 188, 189, 194, 200, 220, 224, 227, 228, 229, 234, 235, 236, 241, 242, 245, 247, 249, 251, 252, 254, 256, 260, 261, 264, 266, 267, 274, 275, 290, 291, 292, 295, 300, 301, 302, 311, 323, 327, 332, 333, 336, 338, 339, 345, 357, 381, 399, 405, 409, 411, 412, 413, 414, 415, 417, 418, 420, 422, 443], "summary": {"covered_lines": 103, "num_statements": 176, "percent_covered": 58.52272727272727, "percent_covered_display": "59", "missing_lines": 73, "excluded_lines": 0}, "missing_lines": [68, 74, 75, 78, 83, 88, 89, 94, 96, 113, 114, 117, 120, 128, 133, 134, 135, 136, 137, 140, 141, 142, 143, 144, 148, 150, 204, 206, 207, 208, 209, 211, 213, 231, 232, 277, 282, 307, 359, 360, 363, 366, 368, 370, 371, 372, 379, 383, 384, 386, 391, 394, 395, 397, 403, 424, 425, 428, 429, 431, 432, 433, 435, 438, 439, 441, 445, 446, 447, 448, 449, 450, 452], "excluded_lines": [], "functions": {"StatisticalAnalyzer.__init__": {"executed_lines": [42], "summary": {"covered_lines": 1, "num_statements": 1, "percent_covered": 100.0, "percent_covered_display": "100", "missing_lines": 0, "excluded_lines": 0}, "missing_lines": [], "excluded_lines": []}, "StatisticalAnalyzer.compare_providers": {"executed_lines": [52, 53, 56, 59, 60, 63, 64, 65, 66], "summary": {"covered_lines": 9, "num_statements": 10, "percent_covered": 90.0, "percent_covered_display": "90", "missing_lines": 1, "excluded_lines": 0}, "missing_lines": [68], "excluded_lines": []}, "StatisticalAnalyzer.trend_analysis": {"executed_lines": [], "summary": {"covered_lines": 0, "num_statements": 8, "percent_covered": 0.0, "percent_covered_display": "0", "missing_lines": 8, "excluded_lines": 0}, "missing_lines": [74, 75, 78, 83, 88, 89, 94, 96], "excluded_lines": []}, "StatisticalAnalyzer.regression_detection": {"executed_lines": [], "summary": {"covered_lines": 0, "num_statements": 17, "percent_covered": 0.0, "percent_covered_display": "0", "missing_lines": 17, "excluded_lines": 0}, "missing_lines": [113, 114, 117, 120, 128, 133, 134, 135, 136, 137, 140, 141, 142, 143, 144, 148, 150], "excluded_lines": []}, "StatisticalAnalyzer.effect_size_analysis": {"executed_lines": [166, 167, 170, 174, 181, 188, 189, 194], "summary": {"covered_lines": 8, "num_statements": 8, "percent_covered": 100.0, "percent_covered_display": "100", "missing_lines": 0, "excluded_lines": 0}, "missing_lines": [], "excluded_lines": []}, "StatisticalAnalyzer.multiple_comparison_correction": {"executed_lines": [], "summary": {"covered_lines": 0, "num_statements": 7, "percent_covered": 0.0, "percent_covered_display": "0", "missing_lines": 7, "excluded_lines": 0}, "missing_lines": [204, 206, 207, 208, 209, 211, 213], "excluded_lines": []}, "StatisticalAnalyzer._check_assumptions": {"executed_lines": [224, 227, 228, 229, 234, 235, 236, 241, 242, 245, 247], "summary": {"covered_lines": 11, "num_statements": 13, "percent_covered": 84.61538461538461, "percent_covered_display": "85", "missing_lines": 2, "excluded_lines": 0}, "missing_lines": [231, 232], "excluded_lines": []}, "StatisticalAnalyzer._select_test": {"executed_lines": [251, 252, 254], "summary": {"covered_lines": 3, "num_statements": 3, "percent_covered": 100.0, "percent_covered_display": "100", "missing_lines": 0, "excluded_lines": 0}, "missing_lines": [], "excluded_lines": []}, "StatisticalAnalyzer._perform_t_test": {"executed_lines": [260, 261, 264, 266, 267, 274, 275, 290, 291, 292, 295, 300, 301, 302, 311], "summary": {"covered_lines": 15, "num_statements": 18, "percent_covered": 83.33333333333333, "percent_covered_display": "83", "missing_lines": 3, "excluded_lines": 0}, "missing_lines": [277, 282, 307], "excluded_lines": []}, "StatisticalAnalyzer._perform_mann_whitney": {"executed_lines": [327, 332, 333, 336, 338, 339, 345], "summary": {"covered_lines": 7, "num_statements": 7, "percent_covered": 100.0, "percent_covered_display": "100", "missing_lines": 0, "excluded_lines": 0}, "missing_lines": [], "excluded_lines": []}, "StatisticalAnalyzer._detect_seasonality": {"executed_lines": [], "summary": {"covered_lines": 0, "num_statements": 9, "percent_covered": 0.0, "percent_covered_display": "0", "missing_lines": 9, "excluded_lines": 0}, "missing_lines": [359, 360, 363, 366, 368, 370, 371, 372, 379], "excluded_lines": []}, "StatisticalAnalyzer._autocorrelation": {"executed_lines": [], "summary": {"covered_lines": 0, "num_statements": 7, "percent_covered": 0.0, "percent_covered_display": "0", "missing_lines": 7, "excluded_lines": 0}, "missing_lines": [383, 384, 386, 391, 394, 395, 397], "excluded_lines": []}, "StatisticalAnalyzer._forecast_linear": {"executed_lines": [], "summary": {"covered_lines": 0, "num_statements": 1, "percent_covered": 0.0, "percent_covered_display": "0", "missing_lines": 1, "excluded_lines": 0}, "missing_lines": [403], "excluded_lines": []}, "StatisticalAnalyzer._bootstrap_median_diff_ci": {"executed_lines": [409, 411, 412, 413, 414, 415, 417, 418, 420], "summary": {"covered_lines": 9, "num_statements": 9, "percent_covered": 100.0, "percent_covered_display": "100", "missing_lines": 0, "excluded_lines": 0}, "missing_lines": [], "excluded_lines": []}, "StatisticalAnalyzer._fdr_correction": {"executed_lines": [], "summary": {"covered_lines": 0, "num_statements": 11, "percent_covered": 0.0, "percent_covered_display": "0", "missing_lines": 11, "excluded_lines": 0}, "missing_lines": [424, 425, 428, 429, 431, 432, 433, 435, 438, 439, 441], "excluded_lines": []}, "StatisticalAnalyzer._interpret_effect_size": {"executed_lines": [], "summary": {"covered_lines": 0, "num_statements": 7, "percent_covered": 0.0, "percent_covered_display": "0", "missing_lines": 7, "excluded_lines": 0}, "missing_lines": [445, 446, 447, 448, 449, 450, 452], "excluded_lines": []}, "": {"executed_lines": [1, 3, 4, 5, 6, 8, 9, 12, 13, 15, 16, 17, 18, 19, 22, 23, 24, 26, 27, 28, 29, 30, 31, 32, 33, 34, 37, 38, 40, 44, 70, 109, 162, 200, 220, 249, 256, 323, 357, 381, 399, 405, 422, 443], "summary": {"covered_lines": 40, "num_statements": 40, "percent_covered": 100.0, "percent_covered_display": "100", "missing_lines": 0, "excluded_lines": 0}, "missing_lines": [], "excluded_lines": []}}, "classes": {"TestType": {"executed_lines": [], "summary": {"covered_lines": 0, "num_statements": 0, "percent_covered": 100.0, "percent_covered_display": "100", "missing_lines": 0, "excluded_lines": 0}, "missing_lines": [], "excluded_lines": []}, "StatisticalResult": {"executed_lines": [], "summary": {"covered_lines": 0, "num_statements": 0, "percent_covered": 100.0, "percent_covered_display": "100", "missing_lines": 0, "excluded_lines": 0}, "missing_lines": [], "excluded_lines": []}, "StatisticalAnalyzer": {"executed_lines": [42, 52, 53, 56, 59, 60, 63, 64, 65, 66, 166, 167, 170, 174, 181, 188, 189, 194, 224, 227, 228, 229, 234, 235, 236, 241, 242, 245, 247, 251, 252, 254, 260, 261, 264, 266, 267, 274, 275, 290, 291, 292, 295, 300, 301, 302, 311, 327, 332, 333, 336, 338, 339, 345, 409, 411, 412, 413, 414, 415, 417, 418, 420], "summary": {"covered_lines": 63, "num_statements": 136, "percent_covered": 46.3235294117647, "percent_covered_display": "46", "missing_lines": 73, "excluded_lines": 0}, "missing_lines": [68, 74, 75, 78, 83, 88, 89, 94, 96, 113, 114, 117, 120, 128, 133, 134, 135, 136, 137, 140, 141, 142, 143, 144, 148, 150, 204, 206, 207, 208, 209, 211, 213, 231, 232, 277, 282, 307, 359, 360, 363, 366, 368, 370, 371, 372, 379, 383, 384, 386, 391, 394, 395, 397, 403, 424, 425, 428, 429, 431, 432, 433, 435, 438, 439, 441, 445, 446, 447, 448, 449, 450, 452], "excluded_lines": []}, "": {"executed_lines": [1, 3, 4, 5, 6, 8, 9, 12, 13, 15, 16, 17, 18, 19, 22, 23, 24, 26, 27, 28, 29, 30, 31, 32, 33, 34, 37, 38, 40, 44, 70, 109, 162, 200, 220, 249, 256, 323, 357, 381, 399, 405, 422, 443], "summary": {"covered_lines": 40, "num_statements": 40, "percent_covered": 100.0, "percent_covered_display": "100", "missing_lines": 0, "excluded_lines": 0}, "missing_lines": [], "excluded_lines": []}}}, "bench/analytics/trends.py": {"executed_lines": [1, 3, 4, 5, 7, 8, 9, 10, 11, 14, 15, 17, 18, 19, 20, 21, 24, 25, 26, 28, 29, 30, 31, 32, 33, 34, 35, 36, 39, 40, 42, 46, 96, 128, 160, 167, 202, 211, 218, 238, 266, 297, 313, 330, 344, 351], "summary": {"covered_lines": 42, "num_statements": 173, "percent_covered": 24.277456647398843, "percent_covered_display": "24", "missing_lines": 131, "excluded_lines": 0}, "missing_lines": [44, 50, 51, 53, 54, 56, 59, 62, 65, 68, 71, 74, 77, 82, 84, 100, 101, 103, 105, 106, 107, 108, 110, 111, 112, 114, 115, 116, 117, 118, 119, 126, 132, 133, 139, 142, 145, 148, 151, 153, 162, 163, 169, 170, 172, 173, 175, 177, 178, 181, 182, 183, 184, 185, 188, 189, 192, 193, 194, 198, 200, 206, 209, 213, 214, 215, 216, 223, 224, 227, 228, 231, 232, 233, 234, 236, 240, 241, 243, 246, 247, 248, 249, 252, 253, 254, 255, 258, 262, 264, 271, 272, 274, 275, 278, 279, 280, 283, 286, 287, 288, 291, 292, 293, 295, 302, 305, 308, 311, 315, 316, 319, 322, 325, 326, 328, 334, 336, 338, 339, 340, 342, 346, 347, 349, 353, 354, 357, 360, 361, 363], "excluded_lines": [], "functions": {"TrendDetector.__init__": {"executed_lines": [], "summary": {"covered_lines": 0, "num_statements": 1, "percent_covered": 0.0, "percent_covered_display": "0", "missing_lines": 1, "excluded_lines": 0}, "missing_lines": [44], "excluded_lines": []}, "TrendDetector.analyze_performance_trend": {"executed_lines": [], "summary": {"covered_lines": 0, "num_statements": 14, "percent_covered": 0.0, "percent_covered_display": "0", "missing_lines": 14, "excluded_lines": 0}, "missing_lines": [50, 51, 53, 54, 56, 59, 62, 65, 68, 71, 74, 77, 82, 84], "excluded_lines": []}, "TrendDetector.detect_anomalies": {"executed_lines": [], "summary": {"covered_lines": 0, "num_statements": 17, "percent_covered": 0.0, "percent_covered_display": "0", "missing_lines": 17, "excluded_lines": 0}, "missing_lines": [100, 101, 103, 105, 106, 107, 108, 110, 111, 112, 114, 115, 116, 117, 118, 119, 126], "excluded_lines": []}, "TrendDetector.seasonal_decomposition": {"executed_lines": [], "summary": {"covered_lines": 0, "num_statements": 8, "percent_covered": 0.0, "percent_covered_display": "0", "missing_lines": 8, "excluded_lines": 0}, "missing_lines": [132, 133, 139, 142, 145, 148, 151, 153], "excluded_lines": []}, "TrendDetector._timestamps_to_numeric": {"executed_lines": [], "summary": {"covered_lines": 0, "num_statements": 2, "percent_covered": 0.0, "percent_covered_display": "0", "missing_lines": 2, "excluded_lines": 0}, "missing_lines": [162, 163], "excluded_lines": []}, "TrendDetector._detect_changepoints": {"executed_lines": [], "summary": {"covered_lines": 0, "num_statements": 19, "percent_covered": 0.0, "percent_covered_display": "0", "missing_lines": 19, "excluded_lines": 0}, "missing_lines": [169, 170, 172, 173, 175, 177, 178, 181, 182, 183, 184, 185, 188, 189, 192, 193, 194, 198, 200], "excluded_lines": []}, "TrendDetector._calculate_linear_trend": {"executed_lines": [], "summary": {"covered_lines": 0, "num_statements": 2, "percent_covered": 0.0, "percent_covered_display": "0", "missing_lines": 2, "excluded_lines": 0}, "missing_lines": [206, 209], "excluded_lines": []}, "TrendDetector._calculate_volatility": {"executed_lines": [], "summary": {"covered_lines": 0, "num_statements": 4, "percent_covered": 0.0, "percent_covered_display": "0", "missing_lines": 4, "excluded_lines": 0}, "missing_lines": [213, 214, 215, 216], "excluded_lines": []}, "TrendDetector._classify_trend": {"executed_lines": [], "summary": {"covered_lines": 0, "num_statements": 9, "percent_covered": 0.0, "percent_covered_display": "0", "missing_lines": 9, "excluded_lines": 0}, "missing_lines": [223, 224, 227, 228, 231, 232, 233, 234, 236], "excluded_lines": []}, "TrendDetector._analyze_seasonality": {"executed_lines": [], "summary": {"covered_lines": 0, "num_statements": 14, "percent_covered": 0.0, "percent_covered_display": "0", "missing_lines": 14, "excluded_lines": 0}, "missing_lines": [240, 241, 243, 246, 247, 248, 249, 252, 253, 254, 255, 258, 262, 264], "excluded_lines": []}, "TrendDetector._generate_forecast": {"executed_lines": [], "summary": {"covered_lines": 0, "num_statements": 15, "percent_covered": 0.0, "percent_covered_display": "0", "missing_lines": 15, "excluded_lines": 0}, "missing_lines": [271, 272, 274, 275, 278, 279, 280, 283, 286, 287, 288, 291, 292, 293, 295], "excluded_lines": []}, "TrendDetector._calculate_trend_strength": {"executed_lines": [], "summary": {"covered_lines": 0, "num_statements": 4, "percent_covered": 0.0, "percent_covered_display": "0", "missing_lines": 4, "excluded_lines": 0}, "missing_lines": [302, 305, 308, 311], "excluded_lines": []}, "TrendDetector._moving_average": {"executed_lines": [], "summary": {"covered_lines": 0, "num_statements": 7, "percent_covered": 0.0, "percent_covered_display": "0", "missing_lines": 7, "excluded_lines": 0}, "missing_lines": [315, 316, 319, 322, 325, 326, 328], "excluded_lines": []}, "TrendDetector._extract_seasonal_component": {"executed_lines": [], "summary": {"covered_lines": 0, "num_statements": 6, "percent_covered": 0.0, "percent_covered_display": "0", "missing_lines": 6, "excluded_lines": 0}, "missing_lines": [334, 336, 338, 339, 340, 342], "excluded_lines": []}, "TrendDetector._calculate_trend_volatility": {"executed_lines": [], "summary": {"covered_lines": 0, "num_statements": 3, "percent_covered": 0.0, "percent_covered_display": "0", "missing_lines": 3, "excluded_lines": 0}, "missing_lines": [346, 347, 349], "excluded_lines": []}, "TrendDetector._autocorrelation": {"executed_lines": [], "summary": {"covered_lines": 0, "num_statements": 6, "percent_covered": 0.0, "percent_covered_display": "0", "missing_lines": 6, "excluded_lines": 0}, "missing_lines": [353, 354, 357, 360, 361, 363], "excluded_lines": []}, "": {"executed_lines": [1, 3, 4, 5, 7, 8, 9, 10, 11, 14, 15, 17, 18, 19, 20, 21, 24, 25, 26, 28, 29, 30, 31, 32, 33, 34, 35, 36, 39, 40, 42, 46, 96, 128, 160, 167, 202, 211, 218, 238, 266, 297, 313, 330, 344, 351], "summary": {"covered_lines": 42, "num_statements": 42, "percent_covered": 100.0, "percent_covered_display": "100", "missing_lines": 0, "excluded_lines": 0}, "missing_lines": [], "excluded_lines": []}}, "classes": {"TrendType": {"executed_lines": [], "summary": {"covered_lines": 0, "num_statements": 0, "percent_covered": 100.0, "percent_covered_display": "100", "missing_lines": 0, "excluded_lines": 0}, "missing_lines": [], "excluded_lines": []}, "TrendAnalysis": {"executed_lines": [], "summary": {"covered_lines": 0, "num_statements": 0, "percent_covered": 100.0, "percent_covered_display": "100", "missing_lines": 0, "excluded_lines": 0}, "missing_lines": [], "excluded_lines": []}, "TrendDetector": {"executed_lines": [], "summary": {"covered_lines": 0, "num_statements": 131, "percent_covered": 0.0, "percent_covered_display": "0", "missing_lines": 131, "excluded_lines": 0}, "missing_lines": [44, 50, 51, 53, 54, 56, 59, 62, 65, 68, 71, 74, 77, 82, 84, 100, 101, 103, 105, 106, 107, 108, 110, 111, 112, 114, 115, 116, 117, 118, 119, 126, 132, 133, 139, 142, 145, 148, 151, 153, 162, 163, 169, 170, 172, 173, 175, 177, 178, 181, 182, 183, 184, 185, 188, 189, 192, 193, 194, 198, 200, 206, 209, 213, 214, 215, 216, 223, 224, 227, 228, 231, 232, 233, 234, 236, 240, 241, 243, 246, 247, 248, 249, 252, 253, 254, 255, 258, 262, 264, 271, 272, 274, 275, 278, 279, 280, 283, 286, 287, 288, 291, 292, 293, 295, 302, 305, 308, 311, 315, 316, 319, 322, 325, 326, 328, 334, 336, 338, 339, 340, 342, 346, 347, 349, 353, 354, 357, 360, 361, 363], "excluded_lines": []}, "": {"executed_lines": [1, 3, 4, 5, 7, 8, 9, 10, 11, 14, 15, 17, 18, 19, 20, 21, 24, 25, 26, 28, 29, 30, 31, 32, 33, 34, 35, 36, 39, 40, 42, 46, 96, 128, 160, 167, 202, 211, 218, 238, 266, 297, 313, 330, 344, 351], "summary": {"covered_lines": 42, "num_statements": 42, "percent_covered": 100.0, "percent_covered_display": "100", "missing_lines": 0, "excluded_lines": 0}, "missing_lines": [], "excluded_lines": []}}}, "bench/cli.py": {"executed_lines": [], "summary": {"covered_lines": 0, "num_statements": 16, "percent_covered": 0.0, "percent_covered_display": "0", "missing_lines": 16, "excluded_lines": 0}, "missing_lines": [3, 4, 7, 10, 11, 14, 15, 17, 18, 19, 20, 21, 23, 24, 27, 28], "excluded_lines": [], "functions": {"main": {"executed_lines": [], "summary": {"covered_lines": 0, "num_statements": 11, "percent_covered": 0.0, "percent_covered_display": "0", "missing_lines": 11, "excluded_lines": 0}, "missing_lines": [10, 11, 14, 15, 17, 18, 19, 20, 21, 23, 24], "excluded_lines": []}, "": {"executed_lines": [], "summary": {"covered_lines": 0, "num_statements": 5, "percent_covered": 0.0, "percent_covered_display": "0", "missing_lines": 5, "excluded_lines": 0}, "missing_lines": [3, 4, 7, 27, 28], "excluded_lines": []}}, "classes": {"": {"executed_lines": [], "summary": {"covered_lines": 0, "num_statements": 16, "percent_covered": 0.0, "percent_covered_display": "0", "missing_lines": 16, "excluded_lines": 0}, "missing_lines": [3, 4, 7, 10, 11, 14, 15, 17, 18, 19, 20, 21, 23, 24, 27, 28], "excluded_lines": []}}}, "bench/core/__init__.py": {"executed_lines": [], "summary": {"covered_lines": 0, "num_statements": 2, "percent_covered": 0.0, "percent_covered_display": "0", "missing_lines": 2, "excluded_lines": 4}, "missing_lines": [7, 14], "excluded_lines": [9, 10, 11, 12], "functions": {"": {"executed_lines": [], "summary": {"covered_lines": 0, "num_statements": 2, "percent_covered": 0.0, "percent_covered_display": "0", "missing_lines": 2, "excluded_lines": 4}, "missing_lines": [7, 14], "excluded_lines": [9, 10, 11, 12]}}, "classes": {"": {"executed_lines": [], "summary": {"covered_lines": 0, "num_statements": 2, "percent_covered": 0.0, "percent_covered_display": "0", "missing_lines": 2, "excluded_lines": 4}, "missing_lines": [7, 14], "excluded_lines": [9, 10, 11, 12]}}}, "bench/core/evaluators/__init__.py": {"executed_lines": [], "summary": {"covered_lines": 0, "num_statements": 31, "percent_covered": 0.0, "percent_covered_display": "0", "missing_lines": 31, "excluded_lines": 2}, "missing_lines": [7, 9, 10, 11, 12, 13, 19, 22, 24, 25, 32, 33, 37, 39, 40, 53, 54, 55, 57, 58, 60, 61, 67, 69, 70, 79, 83, 84, 85, 86, 88], "excluded_lines": [15, 16], "functions": {"EvaluatorRegistry.register": {"executed_lines": [], "summary": {"covered_lines": 0, "num_statements": 3, "percent_covered": 0.0, "percent_covered_display": "0", "missing_lines": 3, "excluded_lines": 0}, "missing_lines": [32, 33, 37], "excluded_lines": []}, "EvaluatorRegistry.create_evaluator": {"executed_lines": [], "summary": {"covered_lines": 0, "num_statements": 5, "percent_covered": 0.0, "percent_covered_display": "0", "missing_lines": 5, "excluded_lines": 0}, "missing_lines": [53, 54, 55, 57, 58], "excluded_lines": []}, "EvaluatorRegistry.list_evaluators": {"executed_lines": [], "summary": {"covered_lines": 0, "num_statements": 1, "percent_covered": 0.0, "percent_covered_display": "0", "missing_lines": 1, "excluded_lines": 0}, "missing_lines": [67], "excluded_lines": []}, "EvaluatorRegistry.is_registered": {"executed_lines": [], "summary": {"covered_lines": 0, "num_statements": 1, "percent_covered": 0.0, "percent_covered_display": "0", "missing_lines": 1, "excluded_lines": 0}, "missing_lines": [79], "excluded_lines": []}, "": {"executed_lines": [], "summary": {"covered_lines": 0, "num_statements": 21, "percent_covered": 0.0, "percent_covered_display": "0", "missing_lines": 21, "excluded_lines": 2}, "missing_lines": [7, 9, 10, 11, 12, 13, 19, 22, 24, 25, 39, 40, 60, 61, 69, 70, 83, 84, 85, 86, 88], "excluded_lines": [15, 16]}}, "classes": {"EvaluatorRegistry": {"executed_lines": [], "summary": {"covered_lines": 0, "num_statements": 10, "percent_covered": 0.0, "percent_covered_display": "0", "missing_lines": 10, "excluded_lines": 0}, "missing_lines": [32, 33, 37, 53, 54, 55, 57, 58, 67, 79], "excluded_lines": []}, "": {"executed_lines": [], "summary": {"covered_lines": 0, "num_statements": 21, "percent_covered": 0.0, "percent_covered_display": "0", "missing_lines": 21, "excluded_lines": 2}, "missing_lines": [7, 9, 10, 11, 12, 13, 19, 22, 24, 25, 39, 40, 60, 61, 69, 70, 83, 84, 85, 86, 88], "excluded_lines": [15, 16]}}}, "bench/core/evaluators/base.py": {"executed_lines": [], "summary": {"covered_lines": 0, "num_statements": 46, "percent_covered": 0.0, "percent_covered_display": "0", "missing_lines": 46, "excluded_lines": 0}, "missing_lines": [7, 8, 9, 10, 13, 14, 17, 18, 19, 20, 21, 22, 23, 24, 26, 27, 29, 30, 31, 33, 35, 37, 39, 42, 49, 55, 56, 58, 59, 78, 80, 92, 93, 94, 95, 96, 98, 111, 112, 113, 114, 115, 116, 117, 119, 121], "excluded_lines": [], "functions": {"EvaluationResult.score_percentage": {"executed_lines": [], "summary": {"covered_lines": 0, "num_statements": 3, "percent_covered": 0.0, "percent_covered_display": "0", "missing_lines": 3, "excluded_lines": 0}, "missing_lines": [29, 30, 31], "excluded_lines": []}, "EvaluationResult.add_error": {"executed_lines": [], "summary": {"covered_lines": 0, "num_statements": 1, "percent_covered": 0.0, "percent_covered_display": "0", "missing_lines": 1, "excluded_lines": 0}, "missing_lines": [35], "excluded_lines": []}, "EvaluationResult.add_warning": {"executed_lines": [], "summary": {"covered_lines": 0, "num_statements": 1, "percent_covered": 0.0, "percent_covered_display": "0", "missing_lines": 1, "excluded_lines": 0}, "missing_lines": [39], "excluded_lines": []}, "BaseEvaluator.__init__": {"executed_lines": [], "summary": {"covered_lines": 0, "num_statements": 2, "percent_covered": 0.0, "percent_covered_display": "0", "missing_lines": 2, "excluded_lines": 0}, "missing_lines": [55, 56], "excluded_lines": []}, "BaseEvaluator.evaluate": {"executed_lines": [], "summary": {"covered_lines": 0, "num_statements": 1, "percent_covered": 0.0, "percent_covered_display": "0", "missing_lines": 1, "excluded_lines": 0}, "missing_lines": [78], "excluded_lines": []}, "BaseEvaluator.calculate_weighted_score": {"executed_lines": [], "summary": {"covered_lines": 0, "num_statements": 5, "percent_covered": 0.0, "percent_covered_display": "0", "missing_lines": 5, "excluded_lines": 0}, "missing_lines": [92, 93, 94, 95, 96], "excluded_lines": []}, "BaseEvaluator.safe_extract_field": {"executed_lines": [], "summary": {"covered_lines": 0, "num_statements": 7, "percent_covered": 0.0, "percent_covered_display": "0", "missing_lines": 7, "excluded_lines": 0}, "missing_lines": [111, 112, 113, 114, 115, 116, 117], "excluded_lines": []}, "BaseEvaluator.__repr__": {"executed_lines": [], "summary": {"covered_lines": 0, "num_statements": 1, "percent_covered": 0.0, "percent_covered_display": "0", "missing_lines": 1, "excluded_lines": 0}, "missing_lines": [121], "excluded_lines": []}, "": {"executed_lines": [], "summary": {"covered_lines": 0, "num_statements": 25, "percent_covered": 0.0, "percent_covered_display": "0", "missing_lines": 25, "excluded_lines": 0}, "missing_lines": [7, 8, 9, 10, 13, 14, 17, 18, 19, 20, 21, 22, 23, 24, 26, 27, 33, 37, 42, 49, 58, 59, 80, 98, 119], "excluded_lines": []}}, "classes": {"EvaluationResult": {"executed_lines": [], "summary": {"covered_lines": 0, "num_statements": 5, "percent_covered": 0.0, "percent_covered_display": "0", "missing_lines": 5, "excluded_lines": 0}, "missing_lines": [29, 30, 31, 35, 39], "excluded_lines": []}, "BaseEvaluator": {"executed_lines": [], "summary": {"covered_lines": 0, "num_statements": 16, "percent_covered": 0.0, "percent_covered_display": "0", "missing_lines": 16, "excluded_lines": 0}, "missing_lines": [55, 56, 78, 92, 93, 94, 95, 96, 111, 112, 113, 114, 115, 116, 117, 121], "excluded_lines": []}, "": {"executed_lines": [], "summary": {"covered_lines": 0, "num_statements": 25, "percent_covered": 0.0, "percent_covered_display": "0", "missing_lines": 25, "excluded_lines": 0}, "missing_lines": [7, 8, 9, 10, 13, 14, 17, 18, 19, 20, 21, 22, 23, 24, 26, 27, 33, 37, 42, 49, 58, 59, 80, 98, 119], "excluded_lines": []}}}, "bench/core/evaluators/deep_research.py": {"executed_lines": [], "summary": {"covered_lines": 0, "num_statements": 197, "percent_covered": 0.0, "percent_covered_display": "0", "missing_lines": 197, "excluded_lines": 0}, "missing_lines": [7, 8, 9, 11, 14, 21, 37, 38, 40, 49, 51, 54, 55, 58, 61, 62, 65, 68, 70, 71, 72, 74, 76, 80, 81, 82, 83, 87, 88, 91, 92, 93, 94, 96, 97, 100, 103, 104, 105, 107, 108, 113, 114, 116, 117, 118, 119, 121, 122, 123, 125, 129, 130, 131, 134, 135, 136, 137, 140, 141, 144, 145, 147, 148, 150, 152, 154, 155, 156, 157, 160, 161, 163, 164, 165, 167, 169, 170, 171, 174, 183, 187, 189, 196, 198, 200, 208, 211, 213, 214, 216, 217, 219, 221, 222, 224, 225, 226, 227, 228, 231, 233, 234, 235, 236, 238, 240, 244, 245, 246, 247, 248, 250, 251, 254, 255, 256, 257, 259, 260, 263, 264, 265, 266, 267, 269, 270, 272, 273, 275, 278, 279, 280, 281, 283, 284, 285, 286, 288, 297, 298, 299, 300, 301, 302, 303, 304, 305, 306, 310, 314, 315, 316, 317, 319, 320, 321, 322, 325, 326, 328, 329, 330, 332, 334, 336, 337, 339, 340, 343, 358, 359, 362, 363, 365, 366, 368, 369, 371, 373, 380, 381, 384, 385, 387, 390, 391, 393, 404, 408, 410, 411, 413, 415, 416, 417, 421], "excluded_lines": [], "functions": {"DeepResearchEvaluator.evaluate": {"executed_lines": [], "summary": {"covered_lines": 0, "num_statements": 16, "percent_covered": 0.0, "percent_covered_display": "0", "missing_lines": 16, "excluded_lines": 0}, "missing_lines": [37, 38, 40, 49, 51, 54, 55, 58, 61, 62, 65, 68, 70, 71, 72, 74], "excluded_lines": []}, "DeepResearchEvaluator._evaluate_plan_structure": {"executed_lines": [], "summary": {"covered_lines": 0, "num_statements": 42, "percent_covered": 0.0, "percent_covered_display": "0", "missing_lines": 42, "excluded_lines": 0}, "missing_lines": [80, 81, 82, 83, 87, 88, 91, 92, 93, 94, 96, 97, 100, 103, 104, 105, 107, 108, 113, 114, 116, 117, 118, 119, 121, 122, 123, 125, 129, 130, 131, 134, 135, 136, 137, 140, 141, 144, 145, 147, 148, 150], "excluded_lines": []}, "DeepResearchEvaluator._evaluate_sequencing": {"executed_lines": [], "summary": {"covered_lines": 0, "num_statements": 26, "percent_covered": 0.0, "percent_covered_display": "0", "missing_lines": 26, "excluded_lines": 0}, "missing_lines": [154, 155, 156, 157, 160, 161, 163, 164, 165, 167, 169, 170, 171, 174, 183, 187, 189, 196, 198, 200, 208, 211, 213, 214, 216, 217], "excluded_lines": []}, "DeepResearchEvaluator._evaluate_completeness": {"executed_lines": [], "summary": {"covered_lines": 0, "num_statements": 13, "percent_covered": 0.0, "percent_covered_display": "0", "missing_lines": 13, "excluded_lines": 0}, "missing_lines": [221, 222, 224, 225, 226, 227, 228, 231, 233, 234, 235, 236, 238], "excluded_lines": []}, "DeepResearchEvaluator._evaluate_source_quality": {"executed_lines": [], "summary": {"covered_lines": 0, "num_statements": 57, "percent_covered": 0.0, "percent_covered_display": "0", "missing_lines": 57, "excluded_lines": 0}, "missing_lines": [244, 245, 246, 247, 248, 250, 251, 254, 255, 256, 257, 259, 260, 263, 264, 265, 266, 267, 269, 270, 272, 273, 275, 278, 279, 280, 281, 283, 284, 285, 286, 288, 297, 298, 299, 300, 301, 302, 303, 304, 305, 306, 310, 314, 315, 316, 317, 319, 320, 321, 322, 325, 326, 328, 329, 330, 332], "excluded_lines": []}, "DeepResearchEvaluator._evaluate_source_credibility": {"executed_lines": [], "summary": {"covered_lines": 0, "num_statements": 14, "percent_covered": 0.0, "percent_covered_display": "0", "missing_lines": 14, "excluded_lines": 0}, "missing_lines": [336, 337, 339, 340, 343, 358, 359, 362, 363, 365, 366, 368, 369, 371], "excluded_lines": []}, "DeepResearchEvaluator._validate_web_capability": {"executed_lines": [], "summary": {"covered_lines": 0, "num_statements": 17, "percent_covered": 0.0, "percent_covered_display": "0", "missing_lines": 17, "excluded_lines": 0}, "missing_lines": [380, 381, 384, 385, 387, 390, 391, 393, 404, 408, 410, 411, 413, 415, 416, 417, 421], "excluded_lines": []}, "": {"executed_lines": [], "summary": {"covered_lines": 0, "num_statements": 12, "percent_covered": 0.0, "percent_covered_display": "0", "missing_lines": 12, "excluded_lines": 0}, "missing_lines": [7, 8, 9, 11, 14, 21, 76, 152, 219, 240, 334, 373], "excluded_lines": []}}, "classes": {"DeepResearchEvaluator": {"executed_lines": [], "summary": {"covered_lines": 0, "num_statements": 185, "percent_covered": 0.0, "percent_covered_display": "0", "missing_lines": 185, "excluded_lines": 0}, "missing_lines": [37, 38, 40, 49, 51, 54, 55, 58, 61, 62, 65, 68, 70, 71, 72, 74, 80, 81, 82, 83, 87, 88, 91, 92, 93, 94, 96, 97, 100, 103, 104, 105, 107, 108, 113, 114, 116, 117, 118, 119, 121, 122, 123, 125, 129, 130, 131, 134, 135, 136, 137, 140, 141, 144, 145, 147, 148, 150, 154, 155, 156, 157, 160, 161, 163, 164, 165, 167, 169, 170, 171, 174, 183, 187, 189, 196, 198, 200, 208, 211, 213, 214, 216, 217, 221, 222, 224, 225, 226, 227, 228, 231, 233, 234, 235, 236, 238, 244, 245, 246, 247, 248, 250, 251, 254, 255, 256, 257, 259, 260, 263, 264, 265, 266, 267, 269, 270, 272, 273, 275, 278, 279, 280, 281, 283, 284, 285, 286, 288, 297, 298, 299, 300, 301, 302, 303, 304, 305, 306, 310, 314, 315, 316, 317, 319, 320, 321, 322, 325, 326, 328, 329, 330, 332, 336, 337, 339, 340, 343, 358, 359, 362, 363, 365, 366, 368, 369, 371, 380, 381, 384, 385, 387, 390, 391, 393, 404, 408, 410, 411, 413, 415, 416, 417, 421], "excluded_lines": []}, "": {"executed_lines": [], "summary": {"covered_lines": 0, "num_statements": 12, "percent_covered": 0.0, "percent_covered_display": "0", "missing_lines": 12, "excluded_lines": 0}, "missing_lines": [7, 8, 9, 11, 14, 21, 76, 152, 219, 240, 334, 373], "excluded_lines": []}}}, "bench/core/evaluators/exec_summary.py": {"executed_lines": [], "summary": {"covered_lines": 0, "num_statements": 129, "percent_covered": 0.0, "percent_covered_display": "0", "missing_lines": 129, "excluded_lines": 0}, "missing_lines": [7, 8, 10, 13, 21, 27, 52, 58, 59, 60, 61, 62, 63, 64, 66, 82, 83, 91, 92, 93, 96, 97, 100, 101, 104, 109, 119, 121, 133, 141, 142, 143, 144, 145, 146, 148, 151, 152, 154, 155, 158, 159, 160, 161, 162, 163, 164, 166, 169, 170, 172, 173, 176, 177, 178, 179, 180, 181, 183, 187, 188, 190, 191, 194, 195, 198, 199, 200, 202, 203, 204, 207, 208, 209, 211, 213, 225, 232, 233, 234, 235, 237, 238, 239, 240, 241, 242, 244, 245, 246, 247, 248, 251, 252, 253, 254, 255, 257, 258, 259, 261, 262, 263, 266, 267, 268, 269, 271, 272, 273, 275, 279, 281, 282, 284, 287, 293, 294, 295, 297, 298, 301, 307, 308, 309, 311, 313, 323, 325], "excluded_lines": [], "functions": {"ExecSummaryEvaluator.__init__": {"executed_lines": [], "summary": {"covered_lines": 0, "num_statements": 7, "percent_covered": 0.0, "percent_covered_display": "0", "missing_lines": 7, "excluded_lines": 0}, "missing_lines": [58, 59, 60, 61, 62, 63, 64], "excluded_lines": []}, "ExecSummaryEvaluator.evaluate": {"executed_lines": [], "summary": {"covered_lines": 0, "num_statements": 12, "percent_covered": 0.0, "percent_covered_display": "0", "missing_lines": 12, "excluded_lines": 0}, "missing_lines": [82, 83, 91, 92, 93, 96, 97, 100, 101, 104, 109, 119], "excluded_lines": []}, "ExecSummaryEvaluator._evaluate_structure": {"executed_lines": [], "summary": {"covered_lines": 0, "num_statements": 47, "percent_covered": 0.0, "percent_covered_display": "0", "missing_lines": 47, "excluded_lines": 0}, "missing_lines": [133, 141, 142, 143, 144, 145, 146, 148, 151, 152, 154, 155, 158, 159, 160, 161, 162, 163, 164, 166, 169, 170, 172, 173, 176, 177, 178, 179, 180, 181, 183, 187, 188, 190, 191, 194, 195, 198, 199, 200, 202, 203, 204, 207, 208, 209, 211], "excluded_lines": []}, "ExecSummaryEvaluator._evaluate_tone": {"executed_lines": [], "summary": {"covered_lines": 0, "num_statements": 50, "percent_covered": 0.0, "percent_covered_display": "0", "missing_lines": 50, "excluded_lines": 0}, "missing_lines": [225, 232, 233, 234, 235, 237, 238, 239, 240, 241, 242, 244, 245, 246, 247, 248, 251, 252, 253, 254, 255, 257, 258, 259, 261, 262, 263, 266, 267, 268, 269, 271, 272, 273, 275, 279, 281, 282, 284, 287, 293, 294, 295, 297, 298, 301, 307, 308, 309, 311], "excluded_lines": []}, "ExecSummaryEvaluator._split_sentences": {"executed_lines": [], "summary": {"covered_lines": 0, "num_statements": 2, "percent_covered": 0.0, "percent_covered_display": "0", "missing_lines": 2, "excluded_lines": 0}, "missing_lines": [323, 325], "excluded_lines": []}, "": {"executed_lines": [], "summary": {"covered_lines": 0, "num_statements": 11, "percent_covered": 0.0, "percent_covered_display": "0", "missing_lines": 11, "excluded_lines": 0}, "missing_lines": [7, 8, 10, 13, 21, 27, 52, 66, 121, 213, 313], "excluded_lines": []}}, "classes": {"ExecSummaryEvaluator": {"executed_lines": [], "summary": {"covered_lines": 0, "num_statements": 118, "percent_covered": 0.0, "percent_covered_display": "0", "missing_lines": 118, "excluded_lines": 0}, "missing_lines": [58, 59, 60, 61, 62, 63, 64, 82, 83, 91, 92, 93, 96, 97, 100, 101, 104, 109, 119, 133, 141, 142, 143, 144, 145, 146, 148, 151, 152, 154, 155, 158, 159, 160, 161, 162, 163, 164, 166, 169, 170, 172, 173, 176, 177, 178, 179, 180, 181, 183, 187, 188, 190, 191, 194, 195, 198, 199, 200, 202, 203, 204, 207, 208, 209, 211, 225, 232, 233, 234, 235, 237, 238, 239, 240, 241, 242, 244, 245, 246, 247, 248, 251, 252, 253, 254, 255, 257, 258, 259, 261, 262, 263, 266, 267, 268, 269, 271, 272, 273, 275, 279, 281, 282, 284, 287, 293, 294, 295, 297, 298, 301, 307, 308, 309, 311, 323, 325], "excluded_lines": []}, "": {"executed_lines": [], "summary": {"covered_lines": 0, "num_statements": 11, "percent_covered": 0.0, "percent_covered_display": "0", "missing_lines": 11, "excluded_lines": 0}, "missing_lines": [7, 8, 10, 13, 21, 27, 52, 66, 121, 213, 313], "excluded_lines": []}}}, "bench/core/evaluators/metrics_csv.py": {"executed_lines": [], "summary": {"covered_lines": 0, "num_statements": 109, "percent_covered": 0.0, "percent_covered_display": "0", "missing_lines": 109, "excluded_lines": 0}, "missing_lines": [7, 9, 12, 20, 28, 34, 35, 36, 38, 40, 41, 42, 43, 44, 46, 62, 63, 70, 71, 72, 75, 76, 77, 78, 81, 82, 83, 86, 89, 90, 93, 98, 106, 108, 126, 127, 129, 130, 131, 132, 134, 135, 136, 137, 139, 140, 141, 142, 145, 146, 147, 148, 149, 150, 151, 152, 154, 158, 159, 160, 161, 162, 164, 180, 181, 183, 184, 185, 186, 188, 189, 190, 191, 194, 195, 196, 198, 199, 200, 202, 203, 204, 205, 207, 208, 209, 210, 212, 213, 214, 215, 216, 217, 218, 221, 222, 223, 225, 229, 231, 232, 235, 236, 239, 241, 243, 253, 254, 255], "excluded_lines": [], "functions": {"MetricsCSVEvaluator.__init__": {"executed_lines": [], "summary": {"covered_lines": 0, "num_statements": 3, "percent_covered": 0.0, "percent_covered_display": "0", "missing_lines": 3, "excluded_lines": 0}, "missing_lines": [34, 35, 36], "excluded_lines": []}, "MetricsCSVEvaluator._is_numeric": {"executed_lines": [], "summary": {"covered_lines": 0, "num_statements": 5, "percent_covered": 0.0, "percent_covered_display": "0", "missing_lines": 5, "excluded_lines": 0}, "missing_lines": [40, 41, 42, 43, 44], "excluded_lines": []}, "MetricsCSVEvaluator.evaluate": {"executed_lines": [], "summary": {"covered_lines": 0, "num_statements": 18, "percent_covered": 0.0, "percent_covered_display": "0", "missing_lines": 18, "excluded_lines": 0}, "missing_lines": [62, 63, 70, 71, 72, 75, 76, 77, 78, 81, 82, 83, 86, 89, 90, 93, 98, 106], "excluded_lines": []}, "MetricsCSVEvaluator._evaluate_numeric_field": {"executed_lines": [], "summary": {"covered_lines": 0, "num_statements": 28, "percent_covered": 0.0, "percent_covered_display": "0", "missing_lines": 28, "excluded_lines": 0}, "missing_lines": [126, 127, 129, 130, 131, 132, 134, 135, 136, 137, 139, 140, 141, 142, 145, 146, 147, 148, 149, 150, 151, 152, 154, 158, 159, 160, 161, 162], "excluded_lines": []}, "MetricsCSVEvaluator._evaluate_confusion_matrix": {"executed_lines": [], "summary": {"covered_lines": 0, "num_statements": 42, "percent_covered": 0.0, "percent_covered_display": "0", "missing_lines": 42, "excluded_lines": 0}, "missing_lines": [180, 181, 183, 184, 185, 186, 188, 189, 190, 191, 194, 195, 196, 198, 199, 200, 202, 203, 204, 205, 207, 208, 209, 210, 212, 213, 214, 215, 216, 217, 218, 221, 222, 223, 225, 229, 231, 232, 235, 236, 239, 241], "excluded_lines": []}, "MetricsCSVEvaluator._within_tolerance": {"executed_lines": [], "summary": {"covered_lines": 0, "num_statements": 3, "percent_covered": 0.0, "percent_covered_display": "0", "missing_lines": 3, "excluded_lines": 0}, "missing_lines": [253, 254, 255], "excluded_lines": []}, "": {"executed_lines": [], "summary": {"covered_lines": 0, "num_statements": 10, "percent_covered": 0.0, "percent_covered_display": "0", "missing_lines": 10, "excluded_lines": 0}, "missing_lines": [7, 9, 12, 20, 28, 38, 46, 108, 164, 243], "excluded_lines": []}}, "classes": {"MetricsCSVEvaluator": {"executed_lines": [], "summary": {"covered_lines": 0, "num_statements": 99, "percent_covered": 0.0, "percent_covered_display": "0", "missing_lines": 99, "excluded_lines": 0}, "missing_lines": [34, 35, 36, 40, 41, 42, 43, 44, 62, 63, 70, 71, 72, 75, 76, 77, 78, 81, 82, 83, 86, 89, 90, 93, 98, 106, 126, 127, 129, 130, 131, 132, 134, 135, 136, 137, 139, 140, 141, 142, 145, 146, 147, 148, 149, 150, 151, 152, 154, 158, 159, 160, 161, 162, 180, 181, 183, 184, 185, 186, 188, 189, 190, 191, 194, 195, 196, 198, 199, 200, 202, 203, 204, 205, 207, 208, 209, 210, 212, 213, 214, 215, 216, 217, 218, 221, 222, 223, 225, 229, 231, 232, 235, 236, 239, 241, 253, 254, 255], "excluded_lines": []}, "": {"executed_lines": [], "summary": {"covered_lines": 0, "num_statements": 10, "percent_covered": 0.0, "percent_covered_display": "0", "missing_lines": 10, "excluded_lines": 0}, "missing_lines": [7, 9, 12, 20, 28, 38, 46, 108, 164, 243], "excluded_lines": []}}}, "bench/core/evaluators/regex_match.py": {"executed_lines": [], "summary": {"covered_lines": 0, "num_statements": 113, "percent_covered": 0.0, "percent_covered_display": "0", "missing_lines": 113, "excluded_lines": 0}, "missing_lines": [7, 8, 9, 10, 11, 13, 16, 19, 22, 23, 33, 34, 37, 38, 40, 41, 43, 44, 47, 55, 60, 66, 67, 68, 70, 86, 87, 95, 96, 97, 99, 100, 101, 102, 103, 106, 107, 110, 111, 113, 114, 117, 119, 120, 123, 128, 136, 138, 148, 159, 160, 161, 162, 163, 164, 165, 166, 167, 170, 171, 172, 174, 175, 178, 186, 187, 188, 189, 191, 192, 193, 195, 196, 197, 198, 202, 203, 204, 205, 208, 218, 221, 222, 224, 226, 244, 245, 246, 247, 248, 250, 251, 255, 257, 258, 259, 261, 264, 265, 266, 267, 269, 270, 272, 281, 282, 286, 295, 296, 297, 308, 310, 317], "excluded_lines": [], "functions": {"timeout_guard": {"executed_lines": [], "summary": {"covered_lines": 0, "num_statements": 7, "percent_covered": 0.0, "percent_covered_display": "0", "missing_lines": 7, "excluded_lines": 0}, "missing_lines": [33, 37, 38, 40, 41, 43, 44], "excluded_lines": []}, "timeout_guard.timeout_handler": {"executed_lines": [], "summary": {"covered_lines": 0, "num_statements": 1, "percent_covered": 0.0, "percent_covered_display": "0", "missing_lines": 1, "excluded_lines": 0}, "missing_lines": [34], "excluded_lines": []}, "RegexMatchEvaluator.__init__": {"executed_lines": [], "summary": {"covered_lines": 0, "num_statements": 3, "percent_covered": 0.0, "percent_covered_display": "0", "missing_lines": 3, "excluded_lines": 0}, "missing_lines": [66, 67, 68], "excluded_lines": []}, "RegexMatchEvaluator.evaluate": {"executed_lines": [], "summary": {"covered_lines": 0, "num_statements": 22, "percent_covered": 0.0, "percent_covered_display": "0", "missing_lines": 22, "excluded_lines": 0}, "missing_lines": [86, 87, 95, 96, 97, 99, 100, 101, 102, 103, 106, 107, 110, 111, 113, 114, 117, 119, 120, 123, 128, 136], "excluded_lines": []}, "RegexMatchEvaluator._evaluate_regex_validity": {"executed_lines": [], "summary": {"covered_lines": 0, "num_statements": 36, "percent_covered": 0.0, "percent_covered_display": "0", "missing_lines": 36, "excluded_lines": 0}, "missing_lines": [148, 159, 160, 161, 162, 163, 164, 165, 166, 167, 170, 171, 172, 174, 175, 178, 186, 187, 188, 189, 191, 192, 193, 195, 196, 197, 198, 202, 203, 204, 205, 208, 218, 221, 222, 224], "excluded_lines": []}, "RegexMatchEvaluator._evaluate_line_matches": {"executed_lines": [], "summary": {"covered_lines": 0, "num_statements": 28, "percent_covered": 0.0, "percent_covered_display": "0", "missing_lines": 28, "excluded_lines": 0}, "missing_lines": [244, 245, 246, 247, 248, 250, 251, 255, 257, 258, 259, 261, 264, 265, 266, 267, 269, 270, 272, 281, 282, 286, 295, 296, 297, 308, 310, 317], "excluded_lines": []}, "": {"executed_lines": [], "summary": {"covered_lines": 0, "num_statements": 16, "percent_covered": 0.0, "percent_covered_display": "0", "missing_lines": 16, "excluded_lines": 0}, "missing_lines": [7, 8, 9, 10, 11, 13, 16, 19, 22, 23, 47, 55, 60, 70, 138, 226], "excluded_lines": []}}, "classes": {"RegexTimeoutError": {"executed_lines": [], "summary": {"covere
[...]
, 164, 177, 179, 180, 182, 183, 185, 186, 194, 197, 198, 206, 208, 209, 215, 216, 223, 233, 234, 236, 245, 246, 247, 248, 250, 253, 256, 258, 259, 261, 274, 276, 277, 284, 285, 292, 300, 312, 314, 315, 322, 330, 342, 344, 345, 352, 360, 370, 372, 373, 375, 384, 385, 387, 388, 390, 391, 394, 397, 399, 400, 402, 412, 414, 416, 426, 432, 433, 434, 435, 436, 437, 438, 441, 442, 443, 444, 446, 456, 458, 459, 461, 462, 464, 466, 468, 480, 481, 483, 485, 486, 487, 488, 489, 491], "excluded_lines": [], "functions": {"SchemaValidator.__init__": {"executed_lines": [], "summary": {"covered_lines": 0, "num_statements": 3, "percent_covered": 0.0, "percent_covered_display": "0", "missing_lines": 3, "excluded_lines": 0}, "missing_lines": [66, 67, 68], "excluded_lines": []}, "SchemaValidator.load_schema": {"executed_lines": [], "summary": {"covered_lines": 0, "num_statements": 12, "percent_covered": 0.0, "percent_covered_display": "0", "missing_lines": 12, "excluded_lines": 0}, "missing_lines": [82, 83, 85, 86, 87, 89, 90, 91, 92, 93, 94, 95], "excluded_lines": []}, "SchemaValidator.validate_response": {"executed_lines": [], "summary": {"covered_lines": 0, "num_statements": 11, "percent_covered": 0.0, "percent_covered_display": "0", "missing_lines": 11, "excluded_lines": 0}, "missing_lines": [109, 110, 111, 113, 115, 116, 117, 118, 120, 126, 127], "excluded_lines": []}, "FieldExtractor.__init__": {"executed_lines": [], "summary": {"covered_lines": 0, "num_statements": 3, "percent_covered": 0.0, "percent_covered_display": "0", "missing_lines": 3, "excluded_lines": 0}, "missing_lines": [137, 138, 139], "excluded_lines": []}, "FieldExtractor.extract_fields": {"executed_lines": [], "summary": {"covered_lines": 0, "num_statements": 7, "percent_covered": 0.0, "percent_covered_display": "0", "missing_lines": 7, "excluded_lines": 0}, "missing_lines": [153, 155, 156, 157, 159, 160, 162], "excluded_lines": []}, "FieldExtractor.extract_single_field": {"executed_lines": [], "summary": {"covered_lines": 0, "num_statements": 15, "percent_covered": 0.0, "percent_covered_display": "0", "missing_lines": 15, "excluded_lines": 0}, "missing_lines": [177, 179, 180, 182, 183, 185, 186, 194, 197, 198, 206, 208, 209, 215, 216], "excluded_lines": []}, "FieldExtractor.validate_field_type": {"executed_lines": [], "summary": {"covered_lines": 0, "num_statements": 8, "percent_covered": 0.0, "percent_covered_display": "0", "missing_lines": 8, "excluded_lines": 0}, "missing_lines": [233, 234, 236, 245, 246, 247, 248, 250], "excluded_lines": []}, "StructuralValidator.__init__": {"executed_lines": [], "summary": {"covered_lines": 0, "num_statements": 2, "percent_covered": 0.0, "percent_covered_display": "0", "missing_lines": 2, "excluded_lines": 0}, "missing_lines": [258, 259], "excluded_lines": []}, "StructuralValidator.validate_word_count": {"executed_lines": [], "summary": {"covered_lines": 0, "num_statements": 6, "percent_covered": 0.0, "percent_covered_display": "0", "missing_lines": 6, "excluded_lines": 0}, "missing_lines": [274, 276, 277, 284, 285, 292], "excluded_lines": []}, "StructuralValidator.validate_bullet_count": {"executed_lines": [], "summary": {"covered_lines": 0, "num_statements": 4, "percent_covered": 0.0, "percent_covered_display": "0", "missing_lines": 4, "excluded_lines": 0}, "missing_lines": [312, 314, 315, 322], "excluded_lines": []}, "StructuralValidator.validate_title_length": {"executed_lines": [], "summary": {"covered_lines": 0, "num_statements": 4, "percent_covered": 0.0, "percent_covered_display": "0", "missing_lines": 4, "excluded_lines": 0}, "missing_lines": [342, 344, 345, 352], "excluded_lines": []}, "StructuralValidator.count_sentences": {"executed_lines": [], "summary": {"covered_lines": 0, "num_statements": 3, "percent_covered": 0.0, "percent_covered_display": "0", "missing_lines": 3, "excluded_lines": 0}, "missing_lines": [370, 372, 373], "excluded_lines": []}, "StructuralValidator.calculate_avg_sentence_length": {"executed_lines": [], "summary": {"covered_lines": 0, "num_statements": 6, "percent_covered": 0.0, "percent_covered_display": "0", "missing_lines": 6, "excluded_lines": 0}, "missing_lines": [384, 385, 387, 388, 390, 391], "excluded_lines": []}, "ContentNormalizer.__init__": {"executed_lines": [], "summary": {"covered_lines": 0, "num_statements": 2, "percent_covered": 0.0, "percent_covered_display": "0", "missing_lines": 2, "excluded_lines": 0}, "missing_lines": [399, 400], "excluded_lines": []}, "ContentNormalizer.normalize_whitespace": {"executed_lines": [], "summary": {"covered_lines": 0, "num_statements": 2, "percent_covered": 0.0, "percent_covered_display": "0", "missing_lines": 2, "excluded_lines": 0}, "missing_lines": [412, 414], "excluded_lines": []}, "ContentNormalizer.extract_json_from_text": {"executed_lines": [], "summary": {"covered_lines": 0, "num_statements": 12, "percent_covered": 0.0, "percent_covered_display": "0", "missing_lines": 12, "excluded_lines": 0}, "missing_lines": [426, 432, 433, 434, 435, 436, 437, 438, 441, 442, 443, 444], "excluded_lines": []}, "ContentNormalizer.clean_markdown_formatting": {"executed_lines": [], "summary": {"covered_lines": 0, "num_statements": 7, "percent_covered": 0.0, "percent_covered_display": "0", "missing_lines": 7, "excluded_lines": 0}, "missing_lines": [456, 458, 459, 461, 462, 464, 466], "excluded_lines": []}, "ContentNormalizer.normalize_numbers": {"executed_lines": [], "summary": {"covered_lines": 0, "num_statements": 9, "percent_covered": 0.0, "percent_covered_display": "0", "missing_lines": 9, "excluded_lines": 0}, "missing_lines": [480, 481, 483, 485, 486, 487, 488, 489, 491], "excluded_lines": []}, "": {"executed_lines": [], "summary": {"covered_lines": 0, "num_statements": 53, "percent_covered": 0.0, "percent_covered_display": "0", "missing_lines": 53, "excluded_lines": 0}, "missing_lines": [7, 8, 9, 10, 11, 12, 14, 15, 16, 19, 20, 23, 24, 25, 26, 27, 30, 31, 34, 35, 36, 37, 40, 41, 44, 45, 46, 47, 48, 51, 54, 57, 60, 70, 97, 132, 135, 141, 164, 223, 253, 256, 261, 300, 330, 360, 375, 394, 397, 402, 416, 446, 468], "excluded_lines": []}}, "classes": {"ValidationResult": {"executed_lines": [], "summary": {"covered_lines": 0, "num_statements": 0, "percent_covered": 100.0, "percent_covered_display": "100", "missing_lines": 0, "excluded_lines": 0}, "missing_lines": [], "excluded_lines": []}, "FieldExtractionResult": {"executed_lines": [], "summary": {"covered_lines": 0, "num_statements": 0, "percent_covered": 100.0, "percent_covered_display": "100", "missing_lines": 0, "excluded_lines": 0}, "missing_lines": [], "excluded_lines": []}, "StructuralValidationResult": {"executed_lines": [], "summary": {"covered_lines": 0, "num_statements": 0, "percent_covered": 100.0, "percent_covered_display": "100", "missing_lines": 0, "excluded_lines": 0}, "missing_lines": [], "excluded_lines": []}, "ValidationError": {"executed_lines": [], "summary": {"covered_lines": 0, "num_statements": 0, "percent_covered": 100.0, "percent_covered_display": "100", "missing_lines": 0, "excluded_lines": 0}, "missing_lines": [], "excluded_lines": []}, "SchemaValidator": {"executed_lines": [], "summary": {"covered_lines": 0, "num_statements": 26, "percent_covered": 0.0, "percent_covered_display": "0", "missing_lines": 26, "excluded_lines": 0}, "missing_lines": [66, 67, 68, 82, 83, 85, 86, 87, 89, 90, 91, 92, 93, 94, 95, 109, 110, 111, 113, 115, 116, 117, 118, 120, 126, 127], "excluded_lines": []}, "FieldExtractor": {"executed_lines": [], "summary": {"covered_lines": 0, "num_statements": 33, "percent_covered": 0.0, "percent_covered_display": "0", "missing_lines": 33, "excluded_lines": 0}, "missing_lines": [137, 138, 139, 153, 155, 156, 157, 159, 160, 162, 177, 179, 180, 182, 183, 185, 186, 194, 197, 198, 206, 208, 209, 215, 216, 233, 234, 236, 245, 246, 247, 248, 250], "excluded_lines": []}, "StructuralValidator": {"executed_lines": [], "summary": {"covered_lines": 0, "num_statements": 25, "percent_covered": 0.0, "percent_covered_display": "0", "missing_lines": 25, "excluded_lines": 0}, "missing_lines": [258, 259, 274, 276, 277, 284, 285, 292, 312, 314, 315, 322, 342, 344, 345, 352, 370, 372, 373, 384, 385, 387, 388, 390, 391], "excluded_lines": []}, "ContentNormalizer": {"executed_lines": [], "summary": {"covered_lines": 0, "num_statements": 32, "percent_covered": 0.0, "percent_covered_display": "0", "missing_lines": 32, "excluded_lines": 0}, "missing_lines": [399, 400, 412, 414, 426, 432, 433, 434, 435, 436, 437, 438, 441, 442, 443, 444, 456, 458, 459, 461, 462, 464, 466, 480, 481, 483, 485, 486, 487, 488, 489, 491], "excluded_lines": []}, "": {"executed_lines": [], "summary": {"covered_lines": 0, "num_statements": 53, "percent_covered": 0.0, "percent_covered_display": "0", "missing_lines": 53, "excluded_lines": 0}, "missing_lines": [7, 8, 9, 10, 11, 12, 14, 15, 16, 19, 20, 23, 24, 25, 26, 27, 30, 31, 34, 35, 36, 37, 40, 41, 44, 45, 46, 47, 48, 51, 54, 57, 60, 70, 97, 132, 135, 141, 164, 223, 253, 256, 261, 300, 330, 360, 375, 394, 397, 402, 416, 446, 468], "excluded_lines": []}}}, "bench/tests/__init__.py": {"executed_lines": [], "summary": {"covered_lines": 0, "num_statements": 1, "percent_covered": 0.0, "percent_covered_display": "0", "missing_lines": 1, "excluded_lines": 0}, "missing_lines": [7], "excluded_lines": [], "functions": {"": {"executed_lines": [], "summary": {"covered_lines": 0, "num_statements": 1, "percent_covered": 0.0, "percent_covered_display": "0", "missing_lines": 1, "excluded_lines": 0}, "missing_lines": [7], "excluded_lines": []}}, "classes": {"": {"executed_lines": [], "summary": {"covered_lines": 0, "num_statements": 1, "percent_covered": 0.0, "percent_covered_display": "0", "missing_lines": 1, "excluded_lines": 0}, "missing_lines": [7], "excluded_lines": []}}}, "bench/tests/offline/__init__.py": {"executed_lines": [], "summary": {"covered_lines": 0, "num_statements": 1, "percent_covered": 0.0, "percent_covered_display": "0", "missing_lines": 1, "excluded_lines": 0}, "missing_lines": [6], "excluded_lines": [], "functions": {"": {"executed_lines": [], "summary": {"covered_lines": 0, "num_statements": 1, "percent_covered": 0.0, "percent_covered_display": "0", "missing_lines": 1, "excluded_lines": 0}, "missing_lines": [6], "excluded_lines": []}}, "classes": {"": {"executed_lines": [], "summary": {"covered_lines": 0, "num_statements": 1, "percent_covered": 0.0, "percent_covered_display": "0", "missing_lines": 1, "excluded_lines": 0}, "missing_lines": [6], "excluded_lines": []}}}, "bench/tests/online/__init__.py": {"executed_lines": [], "summary": {"covered_lines": 0, "num_statements": 1, "percent_covered": 0.0, "percent_covered_display": "0", "missing_lines": 1, "excluded_lines": 0}, "missing_lines": [6], "excluded_lines": [], "functions": {"": {"executed_lines": [], "summary": {"covered_lines": 0, "num_statements": 1, "percent_covered": 0.0, "percent_covered_display": "0", "missing_lines": 1, "excluded_lines": 0}, "missing_lines": [6], "excluded_lines": []}}, "classes": {"": {"executed_lines": [], "summary": {"covered_lines": 0, "num_statements": 1, "percent_covered": 0.0, "percent_covered_display": "0", "missing_lines": 1, "excluded_lines": 0}, "missing_lines": [6], "excluded_lines": []}}}, "bench/web/__init__.py": {"executed_lines": [], "summary": {"covered_lines": 0, "num_statements": 2, "percent_covered": 0.0, "percent_covered_display": "0", "missing_lines": 2, "excluded_lines": 0}, "missing_lines": [3, 5], "excluded_lines": [], "functions": {"": {"executed_lines": [], "summary": {"covered_lines": 0, "num_statements": 2, "percent_covered": 0.0, "percent_covered_display": "0", "missing_lines": 2, "excluded_lines": 0}, "missing_lines": [3, 5], "excluded_lines": []}}, "classes": {"": {"executed_lines": [], "summary": {"covered_lines": 0, "num_statements": 2, "percent_covered": 0.0, "percent_covered_display": "0", "missing_lines": 2, "excluded_lines": 0}, "missing_lines": [3, 5], "excluded_lines": []}}}, "bench/web/app.py": {"executed_lines": [], "summary": {"covered_lines": 0, "num_statements": 189, "percent_covered": 0.0, "percent_covered_display": "0", "missing_lines": 189, "excluded_lines": 0}, "missing_lines": [3, 4, 5, 7, 8, 10, 11, 12, 13, 18, 20, 23, 26, 27, 30, 31, 32, 33, 38, 40, 41, 43, 138, 139, 141, 143, 146, 148, 155, 156, 158, 159, 161, 163, 164, 165, 175, 177, 178, 180, 181, 182, 185, 187, 191, 205, 214, 215, 217, 218, 220, 221, 222, 225, 228, 229, 230, 231, 246, 255, 256, 258, 259, 261, 262, 263, 264, 265, 267, 268, 276, 277, 279, 280, 291, 292, 295, 296, 300, 303, 305, 312, 318, 376, 384, 385, 387, 388, 390, 391, 392, 395, 396, 398, 399, 407, 411, 428, 429, 431, 432, 434, 442, 443, 445, 447, 448, 450, 452, 455, 457, 458, 465, 466, 469, 470, 471, 472, 473, 474, 482, 483, 484, 485, 486, 487, 492, 499, 501, 502, 503, 504, 505, 506, 507, 510, 512, 513, 514, 515, 516, 517, 518, 521, 525, 526, 527, 528, 533, 534, 535, 536, 537, 540, 544, 545, 548, 549, 551, 552, 554, 571, 572, 580, 583, 585, 586, 587, 588, 589, 590, 591, 594, 596, 597, 598, 599, 600, 601, 602, 605, 611, 613, 614, 620, 621, 622, 633, 635], "excluded_lines": [], "functions": {"create_app": {"executed_lines": [], "summary": {"covered_lines": 0, "num_statements": 28, "percent_covered": 0.0, "percent_covered_display": "0", "missing_lines": 28, "excluded_lines": 0}, "missing_lines": [20, 23, 26, 27, 30, 31, 32, 33, 38, 40, 41, 138, 139, 158, 159, 217, 218, 258, 259, 387, 388, 431, 432, 442, 443, 447, 448, 452], "excluded_lines": []}, "create_app.dashboard": {"executed_lines": [], "summary": {"covered_lines": 0, "num_statements": 1, "percent_covered": 0.0, "percent_covered_display": "0", "missing_lines": 1, "excluded_lines": 0}, "missing_lines": [43], "excluded_lines": []}, "create_app.performance_data": {"executed_lines": [], "summary": {"covered_lines": 0, "num_statements": 6, "percent_covered": 0.0, "percent_covered_display": "0", "missing_lines": 6, "excluded_lines": 0}, "missing_lines": [141, 143, 146, 148, 155, 156], "excluded_lines": []}, "create_app.provider_trends": {"executed_lines": [], "summary": {"covered_lines": 0, "num_statements": 16, "percent_covered": 0.0, "percent_covered_display": "0", "missing_lines": 16, "excluded_lines": 0}, "missing_lines": [161, 163, 164, 165, 175, 177, 178, 180, 181, 182, 185, 187, 191, 205, 214, 215], "excluded_lines": []}, "create_app.insights": {"executed_lines": [], "summary": {"covered_lines": 0, "num_statements": 11, "percent_covered": 0.0, "percent_covered_display": "0", "missing_lines": 11, "excluded_lines": 0}, "missing_lines": [220, 221, 222, 225, 228, 229, 230, 231, 246, 255, 256], "excluded_lines": []}, "create_app.compare_providers": {"executed_lines": [], "summary": {"covered_lines": 0, "num_statements": 23, "percent_covered": 0.0, "percent_covered_display": "0", "missing_lines": 23, "excluded_lines": 0}, "missing_lines": [261, 262, 263, 264, 265, 267, 268, 276, 277, 279, 280, 291, 292, 295, 296, 300, 303, 305, 312, 318, 376, 384, 385], "excluded_lines": []}, "create_app.regression_check": {"executed_lines": [], "summary": {"covered_lines": 0, "num_statements": 11, "percent_covered": 0.0, "percent_covered_display": "0", "missing_lines": 11, "excluded_lines": 0}, "missing_lines": [390, 391, 392, 395, 396, 398, 399, 407, 411, 428, 429], "excluded_lines": []}, "create_app.health_check": {"executed_lines": [], "summary": {"covered_lines": 0, "num_statements": 1, "percent_covered": 0.0, "percent_covered_display": "0", "missing_lines": 1, "excluded_lines": 0}, "missing_lines": [434], "excluded_lines": []}, "create_app.not_found": {"executed_lines": [], "summary": {"covered_lines": 0, "num_statements": 1, "percent_covered": 0.0, "percent_covered_display": "0", "missing_lines": 1, "excluded_lines": 0}, "missing_lines": [445], "excluded_lines": []}, "create_app.internal_error": {"executed_lines": [], "summary": {"covered_lines": 0, "num_statements": 1, "percent_covered": 0.0, "percent_covered_display": "0", "missing_lines": 1, "excluded_lines": 0}, "missing_lines": [450], "excluded_lines": []}, "calculate_performance_metrics": {"executed_lines": [], "summary": {"covered_lines": 0, "num_statements": 17, "percent_covered": 0.0, "percent_covered_display": "0", "missing_lines": 17, "excluded_lines": 0}, "missing_lines": [457, 458, 465, 466, 469, 470, 471, 472, 473, 474, 482, 483, 484, 485, 486, 487, 492], "excluded_lines": []}, "group_by_task": {"executed_lines": [], "summary": {"covered_lines": 0, "num_statements": 7, "percent_covered": 0.0, "percent_covered_display": "0", "missing_lines": 7, "excluded_lines": 0}, "missing_lines": [501, 502, 503, 504, 505, 506, 507], "excluded_lines": []}, "group_by_provider": {"executed_lines": [], "summary": {"covered_lines": 0, "num_statements": 7, "percent_covered": 0.0, "percent_covered_display": "0", "missing_lines": 7, "excluded_lines": 0}, "missing_lines": [512, 513, 514, 515, 516, 517, 518], "excluded_lines": []}, "group_by_time_window": {"executed_lines": [], "summary": {"covered_lines": 0, "num_statements": 9, "percent_covered": 0.0, "percent_covered_display": "0", "missing_lines": 9, "excluded_lines": 0}, "missing_lines": [525, 526, 527, 528, 533, 534, 535, 536, 537], "excluded_lines": []}, "calculate_performance_metrics_placeholder": {"executed_lines": [], "summary": {"covered_lines": 0, "num_statements": 10, "percent_covered": 0.0, "percent_covered_display": "0", "missing_lines": 10, "excluded_lines": 0}, "missing_lines": [544, 545, 548, 549, 551, 552, 554, 571, 572, 580], "excluded_lines": []}, "group_by_provider_v2": {"executed_lines": [], "summary": {"covered_lines": 0, "num_statements": 7, "percent_covered": 0.0, "percent_covered_display": "0", "missing_lines": 7, "excluded_lines": 0}, "missing_lines": [585, 586, 587, 588, 589, 590, 591], "excluded_lines": []}, "group_by_task_v2": {"executed_lines": [], "summary": {"covered_lines": 0, "num_statements": 7, "percent_covered": 0.0, "percent_covered_display": "0", "missing_lines": 7, "excluded_lines": 0}, "missing_lines": [596, 597, 598, 599, 600, 601, 602], "excluded_lines": []}, "load_evaluation_results": {"executed_lines": [], "summary": {"covered_lines": 0, "num_statements": 8, "percent_covered": 0.0, "percent_covered_display": "0", "missing_lines": 8, "excluded_lines": 0}, "missing_lines": [611, 613, 614, 620, 621, 622, 633, 635], "excluded_lines": []}, "": {"executed_lines": [], "summary": {"covered_lines": 0, "num_statements": 18, "percent_covered": 0.0, "percent_covered_display": "0", "missing_lines": 18, "excluded_lines": 0}, "missing_lines": [3, 4, 5, 7, 8, 10, 11, 12, 13, 18, 455, 499, 510, 521, 540, 583, 594, 605], "excluded_lines": []}}, "classes": {"": {"executed_lines": [], "summary": {"covered_lines": 0, "num_statements": 189, "percent_covered": 0.0, "percent_covered_display": "0", "missing_lines": 189, "excluded_lines": 0}, "missing_lines": [3, 4, 5, 7, 8, 10, 11, 12, 13, 18, 20, 23, 26, 27, 30, 31, 32, 33, 38, 40, 41, 43, 138, 139, 141, 143, 146, 148, 155, 156, 158, 159, 161, 163, 164, 165, 175, 177, 178, 180, 181, 182, 185, 187, 191, 205, 214, 215, 217, 218, 220, 221, 222, 225, 228, 229, 230, 231, 246, 255, 256, 258, 259, 261, 262, 263, 264, 265, 267, 268, 276, 277, 279, 280, 291, 292, 295, 296, 300, 303, 305, 312, 318, 376, 384, 385, 387, 388, 390, 391, 392, 395, 396, 398, 399, 407, 411, 428, 429, 431, 432, 434, 442, 443, 445, 447, 448, 450, 452, 455, 457, 458, 465, 466, 469, 470, 471, 472, 473, 474, 482, 483, 484, 485, 486, 487, 492, 499, 501, 502, 503, 504, 505, 506, 507, 510, 512, 513, 514, 515, 516, 517, 518, 521, 525, 526, 527, 528, 533, 534, 535, 536, 537, 540, 544, 545, 548, 549, 551, 552, 554, 571, 572, 580, 583, 585, 586, 587, 588, 589, 590, 591, 594, 596, 597, 598, 599, 600, 601, 602, 605, 611, 613, 614, 620, 621, 622, 633, 635], "excluded_lines": []}}}}, "totals": {"covered_lines": 216, "num_statements": 3369, "percent_covered": 6.41139804096171, "percent_covered_display": "6", "missing_lines": 3153, "excluded_lines": 6}}
